Log file open, 12/08/19 10:38:07
LogInit:Display: Running engine for game: JuegoVaquero
LogPlatformFile: Not using cached read wrapper
LogInit:Display: RandInit(-420356085) SRandInit(-420356085).
LogTaskGraph: Started task graph with 5 named threads and 6 total threads with 1 sets of task threads.
LogStats: Stats thread started at 0.124560
LogInit: Using libcurl 7.47.1
LogInit:  - built for x86_64-pc-win32
LogInit:  - supports SSL with OpenSSL/1.0.2g
LogInit:  - supports HTTP deflate (compression) using libz 1.2.8
LogInit:  - other features:
LogInit:      CURL_VERSION_SSL
LogInit:      CURL_VERSION_LIBZ
LogInit:      CURL_VERSION_IPV6
LogInit:      CURL_VERSION_ASYNCHDNS
LogInit:      CURL_VERSION_LARGEFILE
LogInit:      CURL_VERSION_IDN
LogInit:  CurlRequestOptions (configurable via config and command line):
LogInit:  - bVerifyPeer = false  - Libcurl will NOT verify peer certificate
LogInit:  - bUseHttpProxy = false  - Libcurl will NOT use HTTP proxy
LogInit:  - bDontReuseConnections = false  - Libcurl will reuse connections
LogInit:  - CertBundlePath = nullptr  - Libcurl will use whatever was configured at build time.
LogInit: Build: ++UE4+Release-4.16-CL-3561208
LogInit: Engine Version: 4.16.3-3561208+++UE4+Release-4.16
LogInit: Compatible Engine Version: 4.16.0-3452394+++UE4+Release-4.16
LogInit: Net CL: 3452394
LogDevObjectVersion: Number of dev versions registered: 16
LogDevObjectVersion:   Dev-Blueprints (B0D832E4-1F89-4F0D-ACCF-7EB736FD4AA2): 9
LogDevObjectVersion:   Dev-Build (E1C64328-A22C-4D53-A36C-8E866417BD8C): 0
LogDevObjectVersion:   Dev-Core (375EC13C-06E4-48FB-B500-84F0262A717E): 2
LogDevObjectVersion:   Dev-Editor (E4B068ED-F494-42E9-A231-DA0B2E46BB41): 17
LogDevObjectVersion:   Dev-Framework (CFFC743F-43B0-4480-9391-14DF171D2073): 23
LogDevObjectVersion:   Dev-Mobile (B02B49B5-BB20-44E9-A304-32B752E40360): 0
LogDevObjectVersion:   Dev-Networking (A4E4105C-59A1-49B5-A7C5-40C4547EDFEE): 0
LogDevObjectVersion:   Dev-Online (39C831C9-5AE6-47DC-9A44-9C173E1C8E7C): 0
LogDevObjectVersion:   Dev-Physics (78F01B33-EBEA-4F98-B9B4-84EACCB95AA2): 0
LogDevObjectVersion:   Dev-Platform (6631380F-2D4D-43E0-8009-CF276956A95A): 0
LogDevObjectVersion:   Dev-Rendering (12F88B9F-8875-4AFC-A67C-D90C383ABD29): 15
LogDevObjectVersion:   Dev-Sequencer (7B5AE74C-D270-4C10-A958-57980B212A5A): 4
LogDevObjectVersion:   Dev-VR (D7296918-1DD6-4BDD-9DE2-64A83CC13884): 0
LogDevObjectVersion:   Dev-LoadTimes (C2A15278-BFE7-4AFE-6C17-90FF531DF755): 1
LogDevObjectVersion:   Private-Geometry (6EACA3D4-40EC-4CC1-B786-8BED09428FC5): 1
LogDevObjectVersion:   Dev-AnimPhys (29E575DD-E0A3-4627-9D10-D276232CDCEA): 3
LogInit: Compiled (64-bit): Jul 28 2017 11:49:47
LogInit: Compiled with Visual C++: 19.00.24215.01
LogInit: Build Configuration: Development
LogInit: Branch Name: ++UE4+Release-4.16
LogInit: Command line: -EpicPortal  -epicusername="enriquead98" -epicuserid=35863c99d82a4ed4b51773c0fa1f7d15 -epiclocale=es-ES
LogInit: Base directory: C:/Program Files/Epic Games/UE_4.16/Engine/Binaries/Win64/
LogInit: Installed Engine Build: 1
LogInit: Presizing for max 8388607 objects, including 0 objects not considered by GC, pre-allocating 0 bytes for permanent pool.
LogInit: Object subsystem initialized
[2019.12.08-09.38.08:238][  0]LogInit: Selected Device Profile: [Windows]
[2019.12.08-09.38.08:238][  0]LogInit: Applying CVar settings loaded from the selected device profile: [Windows]
[2019.12.08-09.38.08:266][  0]LogInit: Computer: LAPTOP-DM9AJJCC
[2019.12.08-09.38.08:266][  0]LogInit: User: Enrique
[2019.12.08-09.38.08:266][  0]LogInit: CPU Page size=4096, Cores=2
[2019.12.08-09.38.08:266][  0]LogInit: High frequency timer resolution =10.000000 MHz
[2019.12.08-09.38.08:266][  0]LogMemory: Memory total: Physical=7.9GB (8GB approx)
[2019.12.08-09.38.08:266][  0]LogMemory: Platform Memory Stats for Windows
[2019.12.08-09.38.08:266][  0]LogMemory: Process Physical Memory: 273.20 MB used, 273.20 MB peak
[2019.12.08-09.38.08:266][  0]LogMemory: Process Virtual Memory: 266.55 MB used, 266.55 MB peak
[2019.12.08-09.38.08:266][  0]LogMemory: Physical Memory: 4834.01 MB used,  3263.89 MB free, 8097.91 MB total
[2019.12.08-09.38.08:266][  0]LogMemory: Virtual Memory: 4761.38 MB used,  3263.89 MB free, 134217728.00 MB total
[2019.12.08-09.38.08:555][  0]LogInit: Overriding language with editor language configuration option (en).
[2019.12.08-09.38.08:555][  0]LogInit: Overriding locale with editor locale configuration option (en).
[2019.12.08-09.38.10:227][  0]LogD3D11RHI: D3D11 adapters:
[2019.12.08-09.38.10:259][  0]LogD3D11RHI:    0. 'Intel(R) HD Graphics 520' (Feature Level 11_0)
[2019.12.08-09.38.10:259][  0]LogD3D11RHI:       128/0/4048 MB DedicatedVideo/DedicatedSystem/SharedSystem, Outputs:1, VendorId:0x8086
[2019.12.08-09.38.10:265][  0]LogD3D11RHI:    1. 'Microsoft Basic Render Driver' (Feature Level 11_0)
[2019.12.08-09.38.10:265][  0]LogD3D11RHI:       0/0/4048 MB DedicatedVideo/DedicatedSystem/SharedSystem, Outputs:0, VendorId:0x1414
[2019.12.08-09.38.10:265][  0]LogD3D11RHI: Chosen D3D11 Adapter: 0
[2019.12.08-09.38.10:274][  0]LogD3D11RHI: Creating new Direct3DDevice
[2019.12.08-09.38.10:275][  0]LogD3D11RHI:     GPU DeviceId: 0x1916 (for the marketing name, search the web for "GPU Device Id")
[2019.12.08-09.38.10:275][  0]LogWindows: EnumDisplayDevices:
[2019.12.08-09.38.10:275][  0]LogWindows:    0. 'Intel(R) HD Graphics 520' (P:1 D:1)
[2019.12.08-09.38.10:275][  0]LogWindows:    1. 'Intel(R) HD Graphics 520' (P:0 D:0)
[2019.12.08-09.38.10:275][  0]LogWindows:    2. 'Intel(R) HD Graphics 520' (P:0 D:0)
[2019.12.08-09.38.10:275][  0]LogWindows: DebugString: GetVideoDriverDetailsInvalid PrimaryIsNotTheChoosenAdapter GetVideoDriverDetailsInvalid PrimaryIsNotTheChoosenAdapter GetVideoDriverDetailsInvalid PrimaryIsNotTheChoosenAdapter FoundDriverCount:0 
[2019.12.08-09.38.10:275][  0]LogD3D11RHI:     Adapter Name: Intel(R) HD Graphics 520
[2019.12.08-09.38.10:275][  0]LogD3D11RHI:   Driver Version: Unknown (internal:Unknown, unified:Unknown)
[2019.12.08-09.38.10:275][  0]LogD3D11RHI:      Driver Date: Unknown
[2019.12.08-09.38.10:275][  0]LogRHI: Texture pool is 1361 MB (70% of 1945 MB)
[2019.12.08-09.38.10:300][  0]LogD3D11RHI: Async texture creation enabled
[2019.12.08-09.38.10:308][  0]LogD3D11RHI: GPU Timing Frequency: 12.000048 (Debug: 2 0)
[2019.12.08-09.38.10:310][  0]LogShaderCompilers: Guid format shader working directory is -73 characters bigger than the processId version (../../../../../../Users/Enrique/OneDrive - Universidad de Oviedo/4º Informatica/Videojuegos/Unreal Projects/JuegoVaquero/Intermediate/Shaders/WorkingDirectory/24336/).
[2019.12.08-09.38.10:311][  0]LogShaderCompilers: Cleaned the shader compiler working directory 'C:/Users/Enrique/AppData/Local/Temp/UnrealShaderWorkingDir/57B7AECC46FBB7CEAA9E72A6A8AB14B9/'.
[2019.12.08-09.38.10:311][  0]LogShaderCompilers:Display: Using Local Shader Compiler.
[2019.12.08-09.38.12:559][  0]LogTemp:Display: Loaded TP AllDesktopTargetPlatform
[2019.12.08-09.38.12:752][  0]LogTemp:Display: Loaded TP MacClientTargetPlatform
[2019.12.08-09.38.12:934][  0]LogTemp:Display: Loaded TP MacNoEditorTargetPlatform
[2019.12.08-09.38.13:096][  0]LogTemp:Display: Loaded TP MacServerTargetPlatform
[2019.12.08-09.38.13:244][  0]LogTemp:Display: Loaded TP MacTargetPlatform
[2019.12.08-09.38.13:410][  0]LogTemp:Display: Loaded TP WindowsClientTargetPlatform
[2019.12.08-09.38.13:573][  0]LogTemp:Display: Loaded TP WindowsNoEditorTargetPlatform
[2019.12.08-09.38.13:733][  0]LogTemp:Display: Loaded TP WindowsServerTargetPlatform
[2019.12.08-09.38.13:888][  0]LogTemp:Display: Loaded TP WindowsTargetPlatform
[2019.12.08-09.38.14:048][  0]LogTemp:Display: Loaded TP AndroidTargetPlatform
[2019.12.08-09.38.14:208][  0]LogTemp:Display: Loaded TP Android_ASTCTargetPlatform
[2019.12.08-09.38.14:362][  0]LogTemp:Display: Loaded TP Android_ATCTargetPlatform
[2019.12.08-09.38.14:536][  0]LogTemp:Display: Loaded TP Android_DXTTargetPlatform
[2019.12.08-09.38.14:692][  0]LogTemp:Display: Loaded TP Android_ETC1TargetPlatform
[2019.12.08-09.38.14:846][  0]LogTemp:Display: Loaded TP Android_ETC2TargetPlatform
[2019.12.08-09.38.15:161][  0]LogTemp:Display: Loaded TP Android_MultiTargetPlatform
[2019.12.08-09.38.15:161][  0]LogTemp:Display: Loaded TP Android_PVRTCTargetPlatform
[2019.12.08-09.38.15:309][  0]LogTemp:Display: Loaded TP HTML5TargetPlatform
[2019.12.08-09.38.15:571][  0]LogTemp:Display: Loaded TP IOSTargetPlatform
[2019.12.08-09.38.15:670][  0]LogTemp:Display: Loaded TP TVOSTargetPlatform
[2019.12.08-09.38.15:837][  0]LogTemp:Display: Loaded TP LinuxClientTargetPlatform
[2019.12.08-09.38.15:999][  0]LogTemp:Display: Loaded TP LinuxNoEditorTargetPlatform
[2019.12.08-09.38.16:163][  0]LogTemp:Display: Loaded TP LinuxServerTargetPlatform
[2019.12.08-09.38.16:320][  0]LogTemp:Display: Loaded TP LinuxTargetPlatform
[2019.12.08-09.38.16:320][  0]LogTargetPlatformManager:Display: Building Assets For Windows
[2019.12.08-09.38.18:170][  0]LogDerivedDataCache:Display: Max Cache Size: 512 MB
[2019.12.08-09.38.18:287][  0]LogDerivedDataCache: Loaded boot cache 0.12s 90MB C:/Users/Enrique/AppData/Local/UnrealEngine/4.16/DerivedDataCache/Boot.ddc.
[2019.12.08-09.38.18:288][  0]LogDerivedDataCache:Display: Loaded Boot cache: C:/Users/Enrique/AppData/Local/UnrealEngine/4.16/DerivedDataCache/Boot.ddc
[2019.12.08-09.38.18:288][  0]LogDerivedDataCache: FDerivedDataBackendGraph:  Pak pak cache file ../../../../../../Users/Enrique/OneDrive - Universidad de Oviedo/4º Informatica/Videojuegos/Unreal Projects/JuegoVaquero/DerivedDataCache/DDC.ddp not found, will not use a pak cache.
[2019.12.08-09.38.18:288][  0]LogDerivedDataCache: Unable to find inner node Pak for hierarchical cache Hierarchy.
[2019.12.08-09.38.18:288][  0]LogDerivedDataCache: FDerivedDataBackendGraph:  CompressedPak pak cache file ../../../../../../Users/Enrique/OneDrive - Universidad de Oviedo/4º Informatica/Videojuegos/Unreal Projects/JuegoVaquero/DerivedDataCache/Compressed.ddp not found, will not use a pak cache.
[2019.12.08-09.38.18:288][  0]LogDerivedDataCache: Unable to find inner node CompressedPak for hierarchical cache Hierarchy.
[2019.12.08-09.38.18:311][  0]LogDerivedDataCache:Display: Pak cache opened for reading ../../../Engine/DerivedDataCache/Compressed.ddp.
[2019.12.08-09.38.18:324][  0]LogDerivedDataCache: Using Local data cache path C:/Users/Enrique/AppData/Local/UnrealEngine/Common/DerivedDataCache: Writable
[2019.12.08-09.38.18:338][  0]LogMaterial: Verifying Global Shaders for PCD3D_SM5
[2019.12.08-09.38.18:339][  0]LogSlate: Using Freetype 2.6.0
[2019.12.08-09.38.18:340][  0]LogSlate: SlateFontCache - WITH_FREETYPE: 1, WITH_HARFBUZZ: 1
[2019.12.08-09.38.18:340][  0]LogSlate: SlateFontCache - WITH_FREETYPE: 1, WITH_HARFBUZZ: 1
[2019.12.08-09.38.18:940][  0]LogInit: Selected Device Profile: [Windows]
[2019.12.08-09.38.19:146][  0]LogContentStreaming: Texture pool size is 0.00 MB
[2019.12.08-09.38.19:609][  0]LogMeshUtilities: Using QuadricMeshReduction for automatic static mesh reduction
[2019.12.08-09.38.19:816][  0]LogSimplygon: Simplygon DLL not present - disabling.
[2019.12.08-09.38.20:008][  0]LogMeshUtilities: Using SimplygonSwarm for distributed automatic mesh merging
[2019.12.08-09.38.20:008][  0]LogMeshUtilities: No automatic skeletal mesh reduction module available
[2019.12.08-09.38.20:008][  0]LogMeshUtilities: No automatic mesh merging module available
[2019.12.08-09.38.22:172][  0]LogNetVersion: JuegoVaquero , NetCL: 3452394, EngineNetVer: 2, GameNetVer: 0 (Checksum: 1894151215)
[2019.12.08-09.38.22:384][  0]LogAssetRegistry: FAssetRegistry took 0.0335 seconds to start up
[2019.12.08-09.38.22:542][  0]LogPackageLocalizationCache: Processed 4 localized package path(s) for 1 prioritized culture(s) in 0.048214 seconds
[2019.12.08-09.38.22:551][  0]LogUObjectArray: 34194 objects as part of root set at end of initial load.
[2019.12.08-09.38.22:551][  0]LogUObjectAllocator: 7260416 out of 0 bytes used by permanent object pool.
[2019.12.08-09.38.22:551][  0]LogUObjectArray: CloseDisregardForGC: 0/0 objects in disregard for GC pool
[2019.12.08-09.38.22:845][  0]LogInit: WinSock: version 1.1 (2.2), MaxSocks=32767, MaxUdp=65467
[2019.12.08-09.38.29:787][  0]LogTcpMessaging: Initializing TcpMessaging bridge
[2019.12.08-09.38.29:908][  0]LogUdpMessaging: Initializing bridge on interface 0.0.0.0:0 to multicast group 230.0.0.1:6666.
[2019.12.08-09.38.32:098][  0]LogMaterial: Uniform references updated for custom material expression Custom.
[2019.12.08-09.38.33:761][  0]SourceControl: Info Source control is disabled
[2019.12.08-09.38.33:867][  0]SourceControl: Info Source control is disabled
[2019.12.08-09.38.34:083][  0]SourceControl: Info Source control is disabled
[2019.12.08-09.38.34:244][  0]SourceControl: Info Source control is disabled
[2019.12.08-09.38.36:684][  0]LogAndroidPermission: UAndroidPermissionCallbackProxy::GetInstance
[2019.12.08-09.38.38:828][  0]LogEngine: Initializing Engine...
[2019.12.08-09.38.38:829][  0]LogHMD: Failed to initialize OpenVR with code 110
[2019.12.08-09.38.39:114][  0]LogStats: UGameplayTagsManager::ConstructGameplayTagTree: Construct from data asset -  0.000 s
[2019.12.08-09.38.39:114][  0]LogStats: UGameplayTagsManager::ConstructGameplayTagTree: GameplayTagTreeChangedEvent.Broadcast -  0.000 s
[2019.12.08-09.38.39:621][  0]LogAIModule: Creating AISystem for world Untitled
[2019.12.08-09.38.39:637][  0]LogInit: XAudio2 using 'Altavoces (Conexant SmartAudio HD)' : 2 channels at 48 kHz using 32 bits per sample (channel mask 0x3)
[2019.12.08-09.38.39:723][  0]LogInit: FAudioDevice initialized.
[2019.12.08-09.38.39:839][  0]LogDerivedDataCache: Saved boot cache 0.12s 90MB C:/Users/Enrique/AppData/Local/UnrealEngine/4.16/DerivedDataCache/Boot.ddc.
[2019.12.08-09.38.39:847][  0]LogInit: Texture streaming: Enabled
[2019.12.08-09.38.40:232][  0]LogEngineSessionManager: EngineSessionManager initialized
[2019.12.08-09.38.41:020][  0]LogInit: Transaction tracking system initialized
[2019.12.08-09.38.42:219][  0]BlueprintLog: New page: Editor Load
[2019.12.08-09.38.45:742][  0]LocalizationService: Info Localization service is disabled
[2019.12.08-09.38.48:265][  0]LogConsoleResponse:Display: 
[2019.12.08-09.38.48:748][  0]LogCook:Display: Max memory allowance for cook 16384mb min free memory 0mb
[2019.12.08-09.38.48:748][  0]LogCook:Display: Mobile HDR setting 1
[2019.12.08-09.38.48:988][  0]LogFileCache: Scanning file cache for directory 'C:/Users/Enrique/OneDrive - Universidad de Oviedo/4º Informatica/Videojuegos/Unreal Projects/JuegoVaquero/Content/' took 0.02s
[2019.12.08-09.38.52:736][  0]SourceControl: Info Source control is disabled
[2019.12.08-09.38.52:737][  0]Cmd: MAP LOAD FILE="../../../../../../Users/Enrique/OneDrive - Universidad de Oviedo/4º Informatica/Videojuegos/Unreal Projects/JuegoVaquero/Content/nivel1.umap" TEMPLATE=0 SHOWPROGRESS=1 FEATURELEVEL=3
[2019.12.08-09.38.52:737][  0]LightingResults: New page: Lighting Build
[2019.12.08-09.38.52:883][  0]MapCheck: New page: Map Check
[2019.12.08-09.38.52:883][  0]LightingResults: New page: Lighting Build
[2019.12.08-09.38.54:179][  0]LogAIModule: Creating AISystem for world nivel1
[2019.12.08-09.38.54:188][  0]LogEditorServer: Finished looking for orphan Actors (0.000 secs)
[2019.12.08-09.38.54:221][  0]Cmd: MAP CHECKDEP NOCLEARLOG
[2019.12.08-09.38.54:343][  0]MapCheck: Info Map check complete: 0 Error(s), 0 Warning(s), took 121.74ms to complete.
[2019.12.08-09.38.54:343][  0]LogFileHelpers: Loading map 'nivel1' took 1.607
[2019.12.08-09.38.55:197][  0]LogCollectionManager: Loaded 0 collections in 0.003459 seconds
[2019.12.08-09.38.55:506][  0]LogFileCache: Scanning file cache for directory 'C:/Users/Enrique/OneDrive - Universidad de Oviedo/4º Informatica/Videojuegos/Unreal Projects/JuegoVaquero/Saved/Collections/' took 0.01s
[2019.12.08-09.38.55:506][  0]LogFileCache: Scanning file cache for directory 'C:/Users/Enrique/OneDrive - Universidad de Oviedo/4º Informatica/Videojuegos/Unreal Projects/JuegoVaquero/Content/Developers/Enrique/Collections/' took 0.01s
[2019.12.08-09.38.55:506][  0]LogFileCache: Scanning file cache for directory 'C:/Users/Enrique/OneDrive - Universidad de Oviedo/4º Informatica/Videojuegos/Unreal Projects/JuegoVaquero/Content/Collections/' took 0.01s
[2019.12.08-09.38.55:506][  0]LogCollectionManager: Rebuilt the GUID cache for 0 collections in 0.000003 seconds
[2019.12.08-09.38.55:545][  0]LogContentBrowser: Native class hierarchy populated in 0.0370 seconds. Added 2329 classes and 491 folders.
[2019.12.08-09.38.55:952][  0]LogContentBrowser: Native class hierarchy updated for 'WidgetCarousel' in 0.0013 seconds. Added 0 classes and 0 folders.
[2019.12.08-09.39.04:913][  0]LogContentBrowser: Native class hierarchy updated for 'AddContentDialog' in 0.0015 seconds. Added 0 classes and 0 folders.
[2019.12.08-09.39.05:601][  0]LogContentBrowser: Native class hierarchy updated for 'SceneOutliner' in 0.0012 seconds. Added 1 classes and 2 folders.
[2019.12.08-09.39.07:644][  0]LogCrashTracker: Crashtracker disabled due to settings.
[2019.12.08-09.39.07:749][  0]LogSlate: Took 0.000344 seconds to synchronously load lazily loaded font '../../../Engine/Content/Slate/Fonts/Roboto-Regular.ttf' (155K)
[2019.12.08-09.39.07:752][  0]LogSlate: Took 0.000301 seconds to synchronously load lazily loaded font '../../../Engine/Content/Slate/Fonts/Roboto-Bold.ttf' (160K)
[2019.12.08-09.39.07:929][  0]LogSlate: Took 0.048027 seconds to synchronously load lazily loaded font '../../../Engine/Content/Editor/Slate/Fonts/FontAwesome.ttf' (139K)
[2019.12.08-09.39.09:489][  0]LogRenderer: Reallocating scene render targets to support 764x372 NumSamples 1 (Frame:1).
[2019.12.08-09.39.12:306][  0]LogSlate: Took 0.064354 seconds to synchronously load lazily loaded font '../../../Engine/Content/Slate/Fonts/Roboto-Light.ttf' (159K)
[2019.12.08-09.39.12:606][  0]LogUObjectGlobals:Warning: Failed to find object 'Class None.'
[2019.12.08-09.39.12:910][  0]LogContentBrowser: Native class hierarchy updated for 'HierarchicalLODOutliner' in 0.0009 seconds. Added 1 classes and 2 folders.
[2019.12.08-09.39.12:910][  0]LogLoad: (Engine Initialization) Total time: 68.69 seconds
[2019.12.08-09.39.12:910][  0]LogLoad: (Engine Initialization) Total Blueprint compile time: 0.36 seconds
[2019.12.08-09.39.12:910][  0]LogExternalProfiler: No external profilers were discovered.  External profiling features will not be available.
[2019.12.08-09.39.15:009][  0]LogOcInput: OculusInput pre-init called
[2019.12.08-09.39.15:009][  0]LogHMD: Starting GearVRController plugin
[2019.12.08-09.39.15:173][  0]LogContentStreaming: Texture pool size now 1000 MB
[2019.12.08-09.39.17:323][  2]LogAssetRegistry: Asset discovery search completed in 54.9611 seconds
[2019.12.08-09.39.17:330][  2]LogCollectionManager: Rebuilt the object cache for 0 collections in 0.000097 seconds (found 0 objects)
[2019.12.08-09.39.17:330][  2]LogCollectionManager: Fixed up redirectors for 0 collections in 0.000178 seconds (updated 0 objects)
[2019.12.08-09.39.17:351][  2]LogSlate: Took 0.000520 seconds to synchronously load lazily loaded font '../../../Engine/Content/Slate/Fonts/Roboto-Light.ttf' (159K)
[2019.12.08-09.39.31:553][349]LogTemp: Repeting last play command: Selected Viewport
[2019.12.08-09.39.31:854][349]LogPlayLevel: PlayLevel: No blueprints needed recompiling
[2019.12.08-09.39.31:882][349]PIE: New page: PIE session: nivel1 (Dec 8, 2019, 11:39:31 AM)
[2019.12.08-09.39.31:882][349]LogPlayLevel: Creating play world package: /Game/UEDPIE_0_nivel1
[2019.12.08-09.39.31:936][349]LogPlayLevel: PIE: StaticDuplicateObject took: (0.053718s)
[2019.12.08-09.39.31:937][349]LogAIModule: Creating AISystem for world nivel1
[2019.12.08-09.39.31:937][349]LogPlayLevel: PIE: World Init took: (0.001035s)
[2019.12.08-09.39.31:938][349]LogPlayLevel: PIE: Created PIE world by copying editor world from /Game/nivel1.nivel1 to /Game/UEDPIE_0_nivel1.nivel1 (0.055032s)
[2019.12.08-09.39.32:023][349]LogInit: XAudio2 using 'Altavoces (Conexant SmartAudio HD)' : 2 channels at 48 kHz using 32 bits per sample (channel mask 0x3)
[2019.12.08-09.39.32:046][349]LogInit: FAudioDevice initialized.
[2019.12.08-09.39.32:420][349]LogLoad: Game class is 'MiModoDeJuego_C'
[2019.12.08-09.39.32:465][349]LogWorld: Bringing World /Game/UEDPIE_0_nivel1.nivel1 up for play (max tick rate 0) at 2019.12.08-10.39.32
[2019.12.08-09.39.32:465][349]LogWorld: Bringing up level for play took: 0.001222
[2019.12.08-09.39.32:691][349]LogContentBrowser: Native class hierarchy updated for 'MovieSceneCapture' in 0.0009 seconds. Added 11 classes and 0 folders.
[2019.12.08-09.39.32:773][349]PIE: Info Play in editor start time for /Game/UEDPIE_0_nivel1 1.228
[2019.12.08-09.40.02:056][631]LogTemp: Repeting last play command: Selected Viewport
[2019.12.08-09.40.02:106][631]LogPlayLevel: PlayLevel: No blueprints needed recompiling
[2019.12.08-09.40.02:106][631]PIE: New page: PIE session: nivel1 (Dec 8, 2019, 11:40:02 AM)
[2019.12.08-09.40.02:106][631]LogPlayLevel: Creating play world package: /Game/UEDPIE_0_nivel1
[2019.12.08-09.40.02:112][631]LogPlayLevel: PIE: StaticDuplicateObject took: (0.006304s)
[2019.12.08-09.40.02:113][631]LogAIModule: Creating AISystem for world nivel1
[2019.12.08-09.40.02:113][631]LogPlayLevel: PIE: World Init took: (0.001057s)
[2019.12.08-09.40.02:114][631]LogPlayLevel: PIE: Created PIE world by copying editor world from /Game/nivel1.nivel1 to /Game/UEDPIE_0_nivel1.nivel1 (0.007646s)
[2019.12.08-09.40.02:141][631]LogInit: XAudio2 using 'Altavoces (Conexant SmartAudio HD)' : 2 channels at 48 kHz using 32 bits per sample (channel mask 0x3)
[2019.12.08-09.40.02:160][631]LogInit: FAudioDevice initialized.
[2019.12.08-09.40.02:192][631]LogLoad: Game class is 'MiModoDeJuego_C'
[2019.12.08-09.40.02:193][631]LogWorld: Bringing World /Game/UEDPIE_0_nivel1.nivel1 up for play (max tick rate 0) at 2019.12.08-10.40.02
[2019.12.08-09.40.02:193][631]LogWorld: Bringing up level for play took: 0.000820
[2019.12.08-09.40.02:195][631]PIE: Info Play in editor start time for /Game/UEDPIE_0_nivel1 0.65
[2019.12.08-09.40.17:150][350]LogSlate: Took 0.017336 seconds to synchronously load lazily loaded font '../../../Engine/Content/Editor/Slate/Fonts/Roboto-Italic.ttf' (157K)
[2019.12.08-09.41.09:137][406]LogTemp: Repeting last play command: Selected Viewport
[2019.12.08-09.41.09:184][406]LogPlayLevel: PlayLevel: No blueprints needed recompiling
[2019.12.08-09.41.09:184][406]PIE: New page: PIE session: nivel1 (Dec 8, 2019, 11:41:09 AM)
[2019.12.08-09.41.09:184][406]LogPlayLevel: Creating play world package: /Game/UEDPIE_0_nivel1
[2019.12.08-09.41.09:191][406]LogPlayLevel: PIE: StaticDuplicateObject took: (0.006630s)
[2019.12.08-09.41.09:192][406]LogAIModule: Creating AISystem for world nivel1
[2019.12.08-09.41.09:192][406]LogPlayLevel: PIE: World Init took: (0.001133s)
[2019.12.08-09.41.09:192][406]LogPlayLevel: PIE: Created PIE world by copying editor world from /Game/nivel1.nivel1 to /Game/UEDPIE_0_nivel1.nivel1 (0.008039s)
[2019.12.08-09.41.09:245][406]LogInit: XAudio2 using 'Altavoces (Conexant SmartAudio HD)' : 2 channels at 48 kHz using 32 bits per sample (channel mask 0x3)
[2019.12.08-09.41.09:970][406]LogInit: FAudioDevice initialized.
[2019.12.08-09.41.10:004][406]LogLoad: Game class is 'MiModoDeJuego_C'
[2019.12.08-09.41.10:006][406]LogWorld: Bringing World /Game/UEDPIE_0_nivel1.nivel1 up for play (max tick rate 0) at 2019.12.08-10.41.10
[2019.12.08-09.41.10:006][406]LogWorld: Bringing up level for play took: 0.001396
[2019.12.08-09.41.10:009][406]PIE: Info Play in editor start time for /Game/UEDPIE_0_nivel1 0.464
[2019.12.08-09.41.20:122][815]Cmd: TRANSACTION UNDO
[2019.12.08-09.41.20:122][815]LogEditorTransaction: Undo Edit Sky Distance Threshold
[2019.12.08-09.41.21:276][846]Cmd: TRANSACTION UNDO
[2019.12.08-09.41.21:276][846]LogEditorTransaction: Undo Edit Sky Distance Threshold
[2019.12.08-09.41.22:893][911]Cmd: TRANSACTION UNDO
[2019.12.08-09.41.22:893][911]LogEditorTransaction: Undo Set actor location
[2019.12.08-09.41.53:233][ 67]LogTemp: Repeting last play command: Selected Viewport
[2019.12.08-09.41.53:283][ 67]LogPlayLevel: PlayLevel: No blueprints needed recompiling
[2019.12.08-09.41.53:283][ 67]PIE: New page: PIE session: nivel1 (Dec 8, 2019, 11:41:53 AM)
[2019.12.08-09.41.53:283][ 67]LogPlayLevel: Creating play world package: /Game/UEDPIE_0_nivel1
[2019.12.08-09.41.53:306][ 67]LogPlayLevel: PIE: StaticDuplicateObject took: (0.022563s)
[2019.12.08-09.41.53:306][ 67]LogAIModule: Creating AISystem for world nivel1
[2019.12.08-09.41.53:307][ 67]LogPlayLevel: PIE: World Init took: (0.001079s)
[2019.12.08-09.41.53:307][ 67]LogPlayLevel: PIE: Created PIE world by copying editor world from /Game/nivel1.nivel1 to /Game/UEDPIE_0_nivel1.nivel1 (0.023929s)
[2019.12.08-09.41.53:373][ 67]LogInit: XAudio2 using 'Altavoces (Conexant SmartAudio HD)' : 2 channels at 48 kHz using 32 bits per sample (channel mask 0x3)
[2019.12.08-09.41.53:851][ 67]LogInit: FAudioDevice initialized.
[2019.12.08-09.41.53:888][ 67]LogLoad: Game class is 'MiModoDeJuego_C'
[2019.12.08-09.41.53:890][ 67]LogWorld: Bringing World /Game/UEDPIE_0_nivel1.nivel1 up for play (max tick rate 0) at 2019.12.08-10.41.53
[2019.12.08-09.41.53:891][ 67]LogWorld: Bringing up level for play took: 0.001295
[2019.12.08-09.41.53:893][ 67]PIE: Info Play in editor start time for /Game/UEDPIE_0_nivel1 0.349
[2019.12.08-09.42.23:446][222]LogEditorViewport: Clicking on Actor (LMB): SkyLight (SkyLight)
[2019.12.08-09.42.53:620][494]LogTemp: Repeting last play command: Selected Viewport
[2019.12.08-09.42.53:670][494]LogPlayLevel: PlayLevel: No blueprints needed recompiling
[2019.12.08-09.42.53:670][494]PIE: New page: PIE session: nivel1 (Dec 8, 2019, 11:42:53 AM)
[2019.12.08-09.42.53:670][494]LogPlayLevel: Creating play world package: /Game/UEDPIE_0_nivel1
[2019.12.08-09.42.53:677][494]LogPlayLevel: PIE: StaticDuplicateObject took: (0.006606s)
[2019.12.08-09.42.53:678][494]LogAIModule: Creating AISystem for world nivel1
[2019.12.08-09.42.53:679][494]LogPlayLevel: PIE: World Init took: (0.001488s)
[2019.12.08-09.42.53:679][494]LogPlayLevel: PIE: Created PIE world by copying editor world from /Game/nivel1.nivel1 to /Game/UEDPIE_0_nivel1.nivel1 (0.008465s)
[2019.12.08-09.42.53:717][494]LogInit: XAudio2 using 'Altavoces (Conexant SmartAudio HD)' : 2 channels at 48 kHz using 32 bits per sample (channel mask 0x3)
[2019.12.08-09.42.53:739][494]LogInit: FAudioDevice initialized.
[2019.12.08-09.42.53:776][494]LogLoad: Game class is 'MiModoDeJuego_C'
[2019.12.08-09.42.53:777][494]LogWorld: Bringing World /Game/UEDPIE_0_nivel1.nivel1 up for play (max tick rate 0) at 2019.12.08-10.42.53
[2019.12.08-09.42.53:778][494]LogWorld: Bringing up level for play took: 0.001228
[2019.12.08-09.42.53:780][494]PIE: Info Play in editor start time for /Game/UEDPIE_0_nivel1 0.235
[2019.12.08-09.44.23:779][128]LogTemp: Repeting last play command: Selected Viewport
[2019.12.08-09.44.23:823][128]LogPlayLevel: PlayLevel: No blueprints needed recompiling
[2019.12.08-09.44.23:825][128]PIE: New page: PIE session: nivel1 (Dec 8, 2019, 11:44:23 AM)
[2019.12.08-09.44.23:826][128]LogPlayLevel: Creating play world package: /Game/UEDPIE_0_nivel1
[2019.12.08-09.44.23:842][128]LogPlayLevel: PIE: StaticDuplicateObject took: (0.015525s)
[2019.12.08-09.44.23:844][128]LogAIModule: Creating AISystem for world nivel1
[2019.12.08-09.44.23:844][128]LogPlayLevel: PIE: World Init took: (0.001999s)
[2019.12.08-09.44.23:844][128]LogPlayLevel: PIE: Created PIE world by copying editor world from /Game/nivel1.nivel1 to /Game/UEDPIE_0_nivel1.nivel1 (0.018405s)
[2019.12.08-09.44.23:885][128]LogInit: XAudio2 using 'Altavoces (Conexant SmartAudio HD)' : 2 channels at 48 kHz using 32 bits per sample (channel mask 0x3)
[2019.12.08-09.44.23:909][128]LogInit: FAudioDevice initialized.
[2019.12.08-09.44.23:939][128]LogLoad: Game class is 'MiModoDeJuego_C'
[2019.12.08-09.44.23:940][128]LogWorld: Bringing World /Game/UEDPIE_0_nivel1.nivel1 up for play (max tick rate 0) at 2019.12.08-10.44.23
[2019.12.08-09.44.23:940][128]LogWorld: Bringing up level for play took: 0.000996
[2019.12.08-09.44.23:942][128]PIE: Info Play in editor start time for /Game/UEDPIE_0_nivel1 0.398
[2019.12.08-09.47.08:098][ 70]LogTemp: Repeting last play command: Selected Viewport
[2019.12.08-09.47.08:123][ 70]LogPlayLevel: PlayLevel: No blueprints needed recompiling
[2019.12.08-09.47.08:123][ 70]PIE: New page: PIE session: nivel1 (Dec 8, 2019, 11:47:08 AM)
[2019.12.08-09.47.08:123][ 70]LogPlayLevel: Creating play world package: /Game/UEDPIE_0_nivel1
[2019.12.08-09.47.08:133][ 70]LogPlayLevel: PIE: StaticDuplicateObject took: (0.009240s)
[2019.12.08-09.47.08:134][ 70]LogAIModule: Creating AISystem for world nivel1
[2019.12.08-09.47.08:134][ 70]LogPlayLevel: PIE: World Init took: (0.001369s)
[2019.12.08-09.47.08:134][ 70]LogPlayLevel: PIE: Created PIE world by copying editor world from /Game/nivel1.nivel1 to /Game/UEDPIE_0_nivel1.nivel1 (0.010933s)
[2019.12.08-09.47.08:162][ 70]LogInit: XAudio2 using 'Altavoces (Conexant SmartAudio HD)' : 2 channels at 48 kHz using 32 bits per sample (channel mask 0x3)
[2019.12.08-09.47.08:183][ 70]LogInit: FAudioDevice initialized.
[2019.12.08-09.47.08:217][ 70]LogLoad: Game class is 'MiModoDeJuego_C'
[2019.12.08-09.47.08:219][ 70]LogWorld: Bringing World /Game/UEDPIE_0_nivel1.nivel1 up for play (max tick rate 60) at 2019.12.08-10.47.08
[2019.12.08-09.47.08:219][ 70]LogWorld: Bringing up level for play took: 0.000838
[2019.12.08-09.47.08:221][ 70]PIE: Info Play in editor start time for /Game/UEDPIE_0_nivel1 0.676
[2019.12.08-09.47.57:619][846]LogSlate: Took 0.000298 seconds to synchronously load lazily loaded font '../../../Engine/Content/Slate/Fonts/Roboto-Light.ttf' (159K)
[2019.12.08-09.47.57:693][846]LogFactory: FactoryCreateFile: StaticMesh with FbxFactory (0 0 ../../../../../../Users/Enrique/OneDrive - Universidad de Oviedo/4º Informatica/Videojuegos/Unreal Projects/Nuevo res/captus.obj)
[2019.12.08-09.47.57:820][846]LogFbx: Loading FBX Scene from ../../../../../../Users/Enrique/OneDrive - Universidad de Oviedo/4º Informatica/Videojuegos/Unreal Projects/Nuevo res/captus.obj
[2019.12.08-09.47.57:849][846]LogFbx: FBX Scene Loaded Succesfully
[2019.12.08-09.48.25:734][846]LogFbx: Loading FBX Scene from ../../../../../../Users/Enrique/OneDrive - Universidad de Oviedo/4º Informatica/Videojuegos/Unreal Projects/Nuevo res/captus.obj
[2019.12.08-09.48.25:751][846]LogFbx: FBX Scene Loaded Succesfully
[2019.12.08-09.48.25:813][846]LogStaticMesh: Building static mesh captus...
[2019.12.08-09.48.25:890][846]LogStaticMesh: Built static mesh [0.09s] /Game/StarterContent/Jugador/captus.captus
[2019.12.08-09.48.25:904][846]LogStaticMesh:Warning: captus has degenerate tangent bases which will result in incorrect shading.  MikkTSpace relies on tangent bases and may result in mesh corruption, consider disabling this option.
[2019.12.08-09.48.25:954][846]FBXImport:Warning: Warning No smoothing group information was found in this FBX scene.  Please make sure to enable the 'Export Smoothing Groups' option in the FBX Exporter plug-in before exporting the file.  Even for tools that don't support smoothing groups, the FBX Exporter will generate appropriate smoothing data at export-time so that correct vertex normals can be inferred while importing. 
[2019.12.08-09.48.25:954][846]FBXImport:Warning: Warning captus has degenerate tangent bases which will result in incorrect shading.  MikkTSpace relies on tangent bases and may result in mesh corruption, consider disabling this option. 
[2019.12.08-09.48.37:181][226]LogSavePackage: Save=52.50ms
[2019.12.08-09.48.37:181][226]LogSavePackage: Moving '../../../../../../Users/Enrique/OneDrive - Universidad de Oviedo/4º Informatica/Videojuegos/Unreal Projects/JuegoVaquero/Saved/captus5183D0A445F75A0E22CF80A21A547B69.tmp' to '../../../../../../Users/Enrique/OneDrive - Universidad de Oviedo/4º Informatica/Videojuegos/Unreal Projects/JuegoVaquero/Content/StarterContent/Jugador/graficos/captus.uasset'
[2019.12.08-09.48.37:189][226]LogSavePackage:Display: Finished SavePackage ../../../../../../Users/Enrique/OneDrive - Universidad de Oviedo/4º Informatica/Videojuegos/Unreal Projects/JuegoVaquero/Content/StarterContent/Jugador/graficos/captus.uasset
[2019.12.08-09.48.47:690][357]LogSlate: Took 0.000230 seconds to synchronously load lazily loaded font '../../../Engine/Content/Slate/Fonts/Roboto-Regular.ttf' (155K)
[2019.12.08-09.48.48:607][357]LogRenderer: Reallocating scene render targets to support 1016x612 NumSamples 1 (Frame:1).
[2019.12.08-09.49.18:312][569]LogSavePackage: Save=20.24ms
[2019.12.08-09.49.18:312][569]LogSavePackage: Moving '../../../../../../Users/Enrique/OneDrive - Universidad de Oviedo/4º Informatica/Videojuegos/Unreal Projects/JuegoVaquero/Saved/captusA4E6FB764EA3A853CB6CC99C9D95E062.tmp' to '../../../../../../Users/Enrique/OneDrive - Universidad de Oviedo/4º Informatica/Videojuegos/Unreal Projects/JuegoVaquero/Content/StarterContent/Jugador/graficos/captus.uasset'
[2019.12.08-09.49.18:320][569]LogSavePackage:Display: Finished SavePackage ../../../../../../Users/Enrique/OneDrive - Universidad de Oviedo/4º Informatica/Videojuegos/Unreal Projects/JuegoVaquero/Content/StarterContent/Jugador/graficos/captus.uasset
[2019.12.08-09.49.50:852][153]LogMetaData: Removing '/Game/StarterContent/Jugador/Enemigo.Enemigo:UserConstructionScript.K2Node_FunctionEntry_0' ref from Metadata '/Game/StarterContent/Jugador/NewBlueprint.PackageMetaData'
[2019.12.08-09.49.50:852][153]LogMetaData: Removing '/Game/StarterContent/Jugador/Enemigo.SKEL_Enemigo_C' ref from Metadata '/Game/StarterContent/Jugador/NewBlueprint.PackageMetaData'
[2019.12.08-09.49.50:852][153]LogMetaData: Removing '/Game/StarterContent/Jugador/Enemigo.Enemigo_C' ref from Metadata '/Game/StarterContent/Jugador/NewBlueprint.PackageMetaData'
[2019.12.08-09.49.50:852][153]LogMetaData: Removing '/Game/StarterContent/Jugador/Enemigo.Enemigo:EventGraph.K2Node_Event_0' ref from Metadata '/Game/StarterContent/Jugador/NewBlueprint.PackageMetaData'
[2019.12.08-09.49.50:852][153]LogMetaData: Removing '/Game/StarterContent/Jugador/Enemigo.Enemigo:EventGraph.K2Node_Event_1' ref from Metadata '/Game/StarterContent/Jugador/NewBlueprint.PackageMetaData'
[2019.12.08-09.49.50:852][153]LogMetaData: Removing '/Game/StarterContent/Jugador/Enemigo.Enemigo:EventGraph.K2Node_Event_2' ref from Metadata '/Game/StarterContent/Jugador/NewBlueprint.PackageMetaData'
[2019.12.08-09.49.50:895][153]LogSavePackage: Save=19.93ms
[2019.12.08-09.49.50:895][153]LogSavePackage: Moving '../../../../../../Users/Enrique/OneDrive - Universidad de Oviedo/4º Informatica/Videojuegos/Unreal Projects/JuegoVaquero/Saved/Enemigo28A4A3A048C8630B82073CB48ACEFCFA.tmp' to '../../../../../../Users/Enrique/OneDrive - Universidad de Oviedo/4º Informatica/Videojuegos/Unreal Projects/JuegoVaquero/Content/StarterContent/Jugador/Enemigo.uasset'
[2019.12.08-09.49.50:905][153]LogSavePackage:Display: Finished SavePackage ../../../../../../Users/Enrique/OneDrive - Universidad de Oviedo/4º Informatica/Videojuegos/Unreal Projects/JuegoVaquero/Content/StarterContent/Jugador/Enemigo.uasset
[2019.12.08-09.50.02:599][281]LogContentBrowser: Native class hierarchy updated for 'BlueprintGraph' in 0.0014 seconds. Added 112 classes and 0 folders.
[2019.12.08-09.51.16:367][ 45]BlueprintLog: New page: Compile Enemigo
[2019.12.08-09.51.17:500][ 58]LogSavePackage: Save=27.23ms
[2019.12.08-09.51.17:500][ 58]LogSavePackage: Moving '../../../../../../Users/Enrique/OneDrive - Universidad de Oviedo/4º Informatica/Videojuegos/Unreal Projects/JuegoVaquero/Saved/EnemigoC36FA00F4F509599AC3C4D8A45A9D63F.tmp' to '../../../../../../Users/Enrique/OneDrive - Universidad de Oviedo/4º Informatica/Videojuegos/Unreal Projects/JuegoVaquero/Content/StarterContent/Jugador/Enemigo.uasset'
[2019.12.08-09.51.17:508][ 58]LogSavePackage:Display: Finished SavePackage ../../../../../../Users/Enrique/OneDrive - Universidad de Oviedo/4º Informatica/Videojuegos/Unreal Projects/JuegoVaquero/Content/StarterContent/Jugador/Enemigo.uasset
[2019.12.08-09.51.43:079][984]LogSavePackage: Save=96.45ms
[2019.12.08-09.51.43:079][984]LogSavePackage: Moving '../../../../../../Users/Enrique/OneDrive - Universidad de Oviedo/4º Informatica/Videojuegos/Unreal Projects/JuegoVaquero/Saved/nivel1086BBE32461CCA0785C1EA801ED26B4B.tmp' to '../../../../../../Users/Enrique/OneDrive - Universidad de Oviedo/4º Informatica/Videojuegos/Unreal Projects/JuegoVaquero/Content/nivel1.umap'
[2019.12.08-09.51.43:089][984]LogSavePackage:Display: Finished SavePackage ../../../../../../Users/Enrique/OneDrive - Universidad de Oviedo/4º Informatica/Videojuegos/Unreal Projects/JuegoVaquero/Content/nivel1.umap
[2019.12.08-09.51.53:263][ 85]LogTemp: Repeting last play command: Selected Viewport
[2019.12.08-09.51.53:311][ 85]LogPlayLevel: PlayLevel: No blueprints needed recompiling
[2019.12.08-09.51.53:311][ 85]PIE: New page: PIE session: nivel1 (Dec 8, 2019, 11:51:53 AM)
[2019.12.08-09.51.53:311][ 85]LogPlayLevel: Creating play world package: /Game/UEDPIE_0_nivel1
[2019.12.08-09.51.53:316][ 85]LogPlayLevel: PIE: StaticDuplicateObject took: (0.005287s)
[2019.12.08-09.51.53:317][ 85]LogAIModule: Creating AISystem for world nivel1
[2019.12.08-09.51.53:317][ 85]LogPlayLevel: PIE: World Init took: (0.001100s)
[2019.12.08-09.51.53:318][ 85]LogPlayLevel: PIE: Created PIE world by copying editor world from /Game/nivel1.nivel1 to /Game/UEDPIE_0_nivel1.nivel1 (0.006661s)
[2019.12.08-09.51.53:367][ 85]LogInit: XAudio2 using 'Altavoces (Conexant SmartAudio HD)' : 2 channels at 48 kHz using 32 bits per sample (channel mask 0x3)
[2019.12.08-09.51.53:396][ 85]LogInit: FAudioDevice initialized.
[2019.12.08-09.51.53:429][ 85]LogLoad: Game class is 'MiModoDeJuego_C'
[2019.12.08-09.51.53:432][ 85]LogWorld: Bringing World /Game/UEDPIE_0_nivel1.nivel1 up for play (max tick rate 60) at 2019.12.08-10.51.53
[2019.12.08-09.51.53:463][ 85]LogWorld: Bringing up level for play took: 0.032943
[2019.12.08-09.51.53:466][ 85]PIE: Info Play in editor start time for /Game/UEDPIE_0_nivel1 -0.079
[2019.12.08-09.52.24:613][124]LogSlate: Took 0.018682 seconds to synchronously load lazily loaded font '../../../Engine/Content/Editor/Slate/Fonts/Roboto-BoldCondensed.ttf' (158K)
[2019.12.08-09.52.39:572][502]LogSavePackage: Save=35.49ms
[2019.12.08-09.52.39:572][502]LogSavePackage: Moving '../../../../../../Users/Enrique/OneDrive - Universidad de Oviedo/4º Informatica/Videojuegos/Unreal Projects/JuegoVaquero/Saved/Enemigo8BB9C6C74CC2C079FF0989AE1ECCBDFE.tmp' to '../../../../../../Users/Enrique/OneDrive - Universidad de Oviedo/4º Informatica/Videojuegos/Unreal Projects/JuegoVaquero/Content/StarterContent/Jugador/Enemigo.uasset'
[2019.12.08-09.52.39:583][502]LogSavePackage:Display: Finished SavePackage ../../../../../../Users/Enrique/OneDrive - Universidad de Oviedo/4º Informatica/Videojuegos/Unreal Projects/JuegoVaquero/Content/StarterContent/Jugador/Enemigo.uasset
[2019.12.08-09.52.42:815][604]LogTemp: Repeting last play command: Selected Viewport
[2019.12.08-09.52.42:850][604]BlueprintLog: New page: Pre-Play auto-recompile
[2019.12.08-09.52.42:850][604]LogPlayLevel: [PlayLevel] Compiling Enemigo before play...
[2019.12.08-09.52.43:031][604]LogPlayLevel: PlayLevel: Blueprint regeneration took 180 ms (1 blueprints)
[2019.12.08-09.52.43:031][604]PIE: New page: PIE session: nivel1 (Dec 8, 2019, 11:52:43 AM)
[2019.12.08-09.52.43:031][604]LogPlayLevel: Creating play world package: /Game/UEDPIE_0_nivel1
[2019.12.08-09.52.43:036][604]LogPlayLevel: PIE: StaticDuplicateObject took: (0.004940s)
[2019.12.08-09.52.43:036][604]LogAIModule: Creating AISystem for world nivel1
[2019.12.08-09.52.43:037][604]LogPlayLevel: PIE: World Init took: (0.000826s)
[2019.12.08-09.52.43:037][604]LogPlayLevel: PIE: Created PIE world by copying editor world from /Game/nivel1.nivel1 to /Game/UEDPIE_0_nivel1.nivel1 (0.005985s)
[2019.12.08-09.52.43:090][604]LogInit: XAudio2 using 'Altavoces (Conexant SmartAudio HD)' : 2 channels at 48 kHz using 32 bits per sample (channel mask 0x3)
[2019.12.08-09.52.43:114][604]LogInit: FAudioDevice initialized.
[2019.12.08-09.52.43:150][604]LogLoad: Game class is 'MiModoDeJuego_C'
[2019.12.08-09.52.43:152][604]LogWorld: Bringing World /Game/UEDPIE_0_nivel1.nivel1 up for play (max tick rate 60) at 2019.12.08-10.52.43
[2019.12.08-09.52.43:153][604]LogWorld: Bringing up level for play took: 0.002104
[2019.12.08-09.52.43:156][604]PIE: Info Play in editor start time for /Game/UEDPIE_0_nivel1 -0.389
[2019.12.08-09.53.58:354][921]BlueprintLog: New page: Compile Enemigo
[2019.12.08-09.53.59:269][932]LogSavePackage: Save=30.28ms
[2019.12.08-09.53.59:269][932]LogSavePackage: Moving '../../../../../../Users/Enrique/OneDrive - Universidad de Oviedo/4º Informatica/Videojuegos/Unreal Projects/JuegoVaquero/Saved/Enemigo8748CD3F434E97A3587003BC92EA2BCC.tmp' to '../../../../../../Users/Enrique/OneDrive - Universidad de Oviedo/4º Informatica/Videojuegos/Unreal Projects/JuegoVaquero/Content/StarterContent/Jugador/Enemigo.uasset'
[2019.12.08-09.53.59:278][932]LogSavePackage:Display: Finished SavePackage ../../../../../../Users/Enrique/OneDrive - Universidad de Oviedo/4º Informatica/Videojuegos/Unreal Projects/JuegoVaquero/Content/StarterContent/Jugador/Enemigo.uasset
[2019.12.08-09.54.03:227][ 36]LogSavePackage: Save=80.37ms
[2019.12.08-09.54.03:227][ 36]LogSavePackage: Moving '../../../../../../Users/Enrique/OneDrive - Universidad de Oviedo/4º Informatica/Videojuegos/Unreal Projects/JuegoVaquero/Saved/nivel1257E374847A60D3E95AF76A9A00F1B6A.tmp' to '../../../../../../Users/Enrique/OneDrive - Universidad de Oviedo/4º Informatica/Videojuegos/Unreal Projects/JuegoVaquero/Content/nivel1.umap'
[2019.12.08-09.54.03:238][ 36]LogSavePackage:Display: Finished SavePackage ../../../../../../Users/Enrique/OneDrive - Universidad de Oviedo/4º Informatica/Videojuegos/Unreal Projects/JuegoVaquero/Content/nivel1.umap
[2019.12.08-09.54.03:782][ 59]LogTemp: Repeting last play command: Selected Viewport
[2019.12.08-09.54.03:818][ 59]LogPlayLevel: PlayLevel: No blueprints needed recompiling
[2019.12.08-09.54.03:818][ 59]PIE: New page: PIE session: nivel1 (Dec 8, 2019, 11:54:03 AM)
[2019.12.08-09.54.03:819][ 59]LogPlayLevel: Creating play world package: /Game/UEDPIE_0_nivel1
[2019.12.08-09.54.03:828][ 59]LogPlayLevel: PIE: StaticDuplicateObject took: (0.009085s)
[2019.12.08-09.54.03:829][ 59]LogAIModule: Creating AISystem for world nivel1
[2019.12.08-09.54.03:830][ 59]LogPlayLevel: PIE: World Init took: (0.001568s)
[2019.12.08-09.54.03:830][ 59]LogPlayLevel: PIE: Created PIE world by copying editor world from /Game/nivel1.nivel1 to /Game/UEDPIE_0_nivel1.nivel1 (0.011068s)
[2019.12.08-09.54.03:882][ 59]LogInit: XAudio2 using 'Altavoces (Conexant SmartAudio HD)' : 2 channels at 48 kHz using 32 bits per sample (channel mask 0x3)
[2019.12.08-09.54.03:907][ 59]LogInit: FAudioDevice initialized.
[2019.12.08-09.54.03:943][ 59]LogLoad: Game class is 'MiModoDeJuego_C'
[2019.12.08-09.54.03:945][ 59]LogWorld: Bringing World /Game/UEDPIE_0_nivel1.nivel1 up for play (max tick rate 60) at 2019.12.08-10.54.03
[2019.12.08-09.54.03:946][ 59]LogWorld: Bringing up level for play took: 0.002111
[2019.12.08-09.54.03:948][ 59]PIE: Info Play in editor start time for /Game/UEDPIE_0_nivel1 0.403
[2019.12.08-09.54.37:516][495]LogTemp: Repeting last play command: Selected Viewport
[2019.12.08-09.54.37:555][495]LogPlayLevel: PlayLevel: No blueprints needed recompiling
[2019.12.08-09.54.37:555][495]PIE: New page: PIE session: nivel1 (Dec 8, 2019, 11:54:37 AM)
[2019.12.08-09.54.37:555][495]LogPlayLevel: Creating play world package: /Game/UEDPIE_0_nivel1
[2019.12.08-09.54.37:563][495]LogPlayLevel: PIE: StaticDuplicateObject took: (0.007358s)
[2019.12.08-09.54.37:564][495]LogAIModule: Creating AISystem for world nivel1
[2019.12.08-09.54.37:564][495]LogPlayLevel: PIE: World Init took: (0.001603s)
[2019.12.08-09.54.37:565][495]LogPlayLevel: PIE: Created PIE world by copying editor world from /Game/nivel1.nivel1 to /Game/UEDPIE_0_nivel1.nivel1 (0.009328s)
[2019.12.08-09.54.37:617][495]LogInit: XAudio2 using 'Altavoces (Conexant SmartAudio HD)' : 2 channels at 48 kHz using 32 bits per sample (channel mask 0x3)
[2019.12.08-09.54.37:641][495]LogInit: FAudioDevice initialized.
[2019.12.08-09.54.37:678][495]LogLoad: Game class is 'MiModoDeJuego_C'
[2019.12.08-09.54.37:680][495]LogWorld: Bringing World /Game/UEDPIE_0_nivel1.nivel1 up for play (max tick rate 60) at 2019.12.08-10.54.37
[2019.12.08-09.54.37:681][495]LogWorld: Bringing up level for play took: 0.002031
[2019.12.08-09.54.37:684][495]PIE: Info Play in editor start time for /Game/UEDPIE_0_nivel1 0.139
[2019.12.08-09.55.07:617][959]LogTemp: Repeting last play command: Selected Viewport
[2019.12.08-09.55.07:657][959]LogPlayLevel: PlayLevel: No blueprints needed recompiling
[2019.12.08-09.55.07:657][959]PIE: New page: PIE session: nivel1 (Dec 8, 2019, 11:55:07 AM)
[2019.12.08-09.55.07:657][959]LogPlayLevel: Creating play world package: /Game/UEDPIE_0_nivel1
[2019.12.08-09.55.07:666][959]LogPlayLevel: PIE: StaticDuplicateObject took: (0.008922s)
[2019.12.08-09.55.07:667][959]LogAIModule: Creating AISystem for world nivel1
[2019.12.08-09.55.07:667][959]LogPlayLevel: PIE: World Init took: (0.001016s)
[2019.12.08-09.55.07:667][959]LogPlayLevel: PIE: Created PIE world by copying editor world from /Game/nivel1.nivel1 to /Game/UEDPIE_0_nivel1.nivel1 (0.010259s)
[2019.12.08-09.55.07:720][959]LogInit: XAudio2 using 'Altavoces (Conexant SmartAudio HD)' : 2 channels at 48 kHz using 32 bits per sample (channel mask 0x3)
[2019.12.08-09.55.07:746][959]LogInit: FAudioDevice initialized.
[2019.12.08-09.55.07:783][959]LogLoad: Game class is 'MiModoDeJuego_C'
[2019.12.08-09.55.07:785][959]LogWorld: Bringing World /Game/UEDPIE_0_nivel1.nivel1 up for play (max tick rate 60) at 2019.12.08-10.55.07
[2019.12.08-09.55.07:786][959]LogWorld: Bringing up level for play took: 0.001839
[2019.12.08-09.55.07:788][959]PIE: Info Play in editor start time for /Game/UEDPIE_0_nivel1 0.243
[2019.12.08-09.57.38:239][924]BlueprintLog: New page: Compile Enemigo
[2019.12.08-09.57.39:155][943]LogSavePackage: Save=36.60ms
[2019.12.08-09.57.39:155][943]LogSavePackage: Moving '../../../../../../Users/Enrique/OneDrive - Universidad de Oviedo/4º Informatica/Videojuegos/Unreal Projects/JuegoVaquero/Saved/EnemigoB65BCB274F5F322E472208B53587340F.tmp' to '../../../../../../Users/Enrique/OneDrive - Universidad de Oviedo/4º Informatica/Videojuegos/Unreal Projects/JuegoVaquero/Content/StarterContent/Jugador/Enemigo.uasset'
[2019.12.08-09.57.39:164][943]LogSavePackage:Display: Finished SavePackage ../../../../../../Users/Enrique/OneDrive - Universidad de Oviedo/4º Informatica/Videojuegos/Unreal Projects/JuegoVaquero/Content/StarterContent/Jugador/Enemigo.uasset
[2019.12.08-09.57.41:398][ 52]LogSavePackage: Save=61.09ms
[2019.12.08-09.57.41:398][ 52]LogSavePackage: Moving '../../../../../../Users/Enrique/OneDrive - Universidad de Oviedo/4º Informatica/Videojuegos/Unreal Projects/JuegoVaquero/Saved/nivel123244DB24045B8AE06D9D3B8F67E52B5.tmp' to '../../../../../../Users/Enrique/OneDrive - Universidad de Oviedo/4º Informatica/Videojuegos/Unreal Projects/JuegoVaquero/Content/nivel1.umap'
[2019.12.08-09.57.41:406][ 52]LogSavePackage:Display: Finished SavePackage ../../../../../../Users/Enrique/OneDrive - Universidad de Oviedo/4º Informatica/Videojuegos/Unreal Projects/JuegoVaquero/Content/nivel1.umap
[2019.12.08-09.57.42:193][ 88]LogTemp: Repeting last play command: Selected Viewport
[2019.12.08-09.57.42:226][ 88]LogPlayLevel: PlayLevel: No blueprints needed recompiling
[2019.12.08-09.57.42:226][ 88]PIE: New page: PIE session: nivel1 (Dec 8, 2019, 11:57:42 AM)
[2019.12.08-09.57.42:226][ 88]LogPlayLevel: Creating play world package: /Game/UEDPIE_0_nivel1
[2019.12.08-09.57.42:235][ 88]LogPlayLevel: PIE: StaticDuplicateObject took: (0.008236s)
[2019.12.08-09.57.42:236][ 88]LogAIModule: Creating AISystem for world nivel1
[2019.12.08-09.57.42:236][ 88]LogPlayLevel: PIE: World Init took: (0.001256s)
[2019.12.08-09.57.42:236][ 88]LogPlayLevel: PIE: Created PIE world by copying editor world from /Game/nivel1.nivel1 to /Game/UEDPIE_0_nivel1.nivel1 (0.009886s)
[2019.12.08-09.57.42:282][ 88]LogInit: XAudio2 using 'Altavoces (Conexant SmartAudio HD)' : 2 channels at 48 kHz using 32 bits per sample (channel mask 0x3)
[2019.12.08-09.57.42:309][ 88]LogInit: FAudioDevice initialized.
[2019.12.08-09.57.42:341][ 88]LogLoad: Game class is 'MiModoDeJuego_C'
[2019.12.08-09.57.42:344][ 88]LogWorld: Bringing World /Game/UEDPIE_0_nivel1.nivel1 up for play (max tick rate 60) at 2019.12.08-10.57.42
[2019.12.08-09.57.42:344][ 88]LogWorld: Bringing up level for play took: 0.001858
[2019.12.08-09.57.42:346][ 88]PIE: Info Play in editor start time for /Game/UEDPIE_0_nivel1 0.801
[2019.12.08-09.58.56:699][111]LogSavePackage: Save=31.51ms
[2019.12.08-09.58.56:699][111]LogSavePackage: Moving '../../../../../../Users/Enrique/OneDrive - Universidad de Oviedo/4º Informatica/Videojuegos/Unreal Projects/JuegoVaquero/Saved/Enemigo427F5D074709FB2A66D2B5AB7444F6EF.tmp' to '../../../../../../Users/Enrique/OneDrive - Universidad de Oviedo/4º Informatica/Videojuegos/Unreal Projects/JuegoVaquero/Content/StarterContent/Jugador/Enemigo.uasset'
[2019.12.08-09.58.56:707][111]LogSavePackage:Display: Finished SavePackage ../../../../../../Users/Enrique/OneDrive - Universidad de Oviedo/4º Informatica/Videojuegos/Unreal Projects/JuegoVaquero/Content/StarterContent/Jugador/Enemigo.uasset
[2019.12.08-09.58.58:882][215]LogTemp: Repeting last play command: Selected Viewport
[2019.12.08-09.58.58:932][215]BlueprintLog: New page: Pre-Play auto-recompile
[2019.12.08-09.58.58:932][215]LogPlayLevel: [PlayLevel] Compiling Enemigo before play...
[2019.12.08-09.58.59:127][215]LogPlayLevel: PlayLevel: Blueprint regeneration took 195 ms (1 blueprints)
[2019.12.08-09.58.59:128][215]PIE: New page: PIE session: nivel1 (Dec 8, 2019, 11:58:59 AM)
[2019.12.08-09.58.59:128][215]LogPlayLevel: Creating play world package: /Game/UEDPIE_0_nivel1
[2019.12.08-09.58.59:133][215]LogPlayLevel: PIE: StaticDuplicateObject took: (0.005054s)
[2019.12.08-09.58.59:134][215]LogAIModule: Creating AISystem for world nivel1
[2019.12.08-09.58.59:134][215]LogPlayLevel: PIE: World Init took: (0.001180s)
[2019.12.08-09.58.59:134][215]LogPlayLevel: PIE: Created PIE world by copying editor world from /Game/nivel1.nivel1 to /Game/UEDPIE_0_nivel1.nivel1 (0.006545s)
[2019.12.08-09.58.59:182][215]LogInit: XAudio2 using 'Altavoces (Conexant SmartAudio HD)' : 2 channels at 48 kHz using 32 bits per sample (channel mask 0x3)
[2019.12.08-09.58.59:207][215]LogInit: FAudioDevice initialized.
[2019.12.08-09.58.59:246][215]LogLoad: Game class is 'MiModoDeJuego_C'
[2019.12.08-09.58.59:248][215]LogWorld: Bringing World /Game/UEDPIE_0_nivel1.nivel1 up for play (max tick rate 60) at 2019.12.08-10.58.59
[2019.12.08-09.58.59:248][215]LogWorld: Bringing up level for play took: 0.002127
[2019.12.08-09.58.59:251][215]PIE: Info Play in editor start time for /Game/UEDPIE_0_nivel1 -0.294
[2019.12.08-09.59.00:899][286]LogNet: Browse: /Game/nivel1
[2019.12.08-09.59.00:917][286]LogLoad: LoadMap: /Game/nivel1
[2019.12.08-09.59.00:971][286]Cmd: MEM
[2019.12.08-09.59.01:069][286]LogMemory: Platform Memory Stats for Windows
[2019.12.08-09.59.01:069][286]LogMemory: Process Physical Memory: 1535.79 MB used, 2263.00 MB peak
[2019.12.08-09.59.01:069][286]LogMemory: Process Virtual Memory: 2296.35 MB used, 2296.35 MB peak
[2019.12.08-09.59.01:069][286]LogMemory: Physical Memory: 5585.52 MB used,  2512.39 MB free, 8097.91 MB total
[2019.12.08-09.59.01:069][286]LogMemory: Virtual Memory: 7381.18 MB used,  2512.39 MB free, 134217728.00 MB total
[2019.12.08-09.59.01:069][286]LogMemory: 
[2019.12.08-09.59.01:069][286]Allocator Stats for TBB: (not implemented)
[2019.12.08-09.59.01:081][286]LogPlayLevel: Creating play world package: /Game/UEDPIE_0_nivel1
[2019.12.08-09.59.01:087][286]LogPlayLevel: PIE: StaticDuplicateObject took: (0.006008s)
[2019.12.08-09.59.01:088][286]LogAIModule: Creating AISystem for world nivel1
[2019.12.08-09.59.01:088][286]LogPlayLevel: PIE: World Init took: (0.000951s)
[2019.12.08-09.59.01:089][286]LogPlayLevel: PIE: Created PIE world by copying editor world from /Game/nivel1.nivel1 to /Game/UEDPIE_0_nivel1.nivel1 (0.007263s)
[2019.12.08-09.59.01:089][286]LogLoad: Game class is 'MiModoDeJuego_C'
[2019.12.08-09.59.01:091][286]LogWorld: Bringing World /Game/UEDPIE_0_nivel1.nivel1 up for play (max tick rate 60) at 2019.12.08-10.59.01
[2019.12.08-09.59.01:091][286]LogWorld: Bringing up level for play took: 0.002069
[2019.12.08-09.59.01:094][286]LogLoad: Took 0.176891 seconds to LoadMap(/Game/UEDPIE_0_nivel1)
[2019.12.08-09.59.03:471][400]LogNet: Browse: /Game/nivel1
[2019.12.08-09.59.03:490][400]LogLoad: LoadMap: /Game/nivel1
[2019.12.08-09.59.03:541][400]Cmd: MEM
[2019.12.08-09.59.03:587][400]LogMemory: Platform Memory Stats for Windows
[2019.12.08-09.59.03:587][400]LogMemory: Process Physical Memory: 1585.09 MB used, 2263.00 MB peak
[2019.12.08-09.59.03:587][400]LogMemory: Process Virtual Memory: 2354.54 MB used, 2354.54 MB peak
[2019.12.08-09.59.03:587][400]LogMemory: Physical Memory: 5626.62 MB used,  2471.29 MB free, 8097.91 MB total
[2019.12.08-09.59.03:587][400]LogMemory: Virtual Memory: 7413.31 MB used,  2471.29 MB free, 134217728.00 MB total
[2019.12.08-09.59.03:587][400]LogMemory: 
[2019.12.08-09.59.03:587][400]Allocator Stats for TBB: (not implemented)
[2019.12.08-09.59.03:587][400]LogPlayLevel: Creating play world package: /Game/UEDPIE_0_nivel1
[2019.12.08-09.59.03:593][400]LogPlayLevel: PIE: StaticDuplicateObject took: (0.005415s)
[2019.12.08-09.59.03:594][400]LogAIModule: Creating AISystem for world nivel1
[2019.12.08-09.59.03:594][400]LogPlayLevel: PIE: World Init took: (0.001027s)
[2019.12.08-09.59.03:594][400]LogPlayLevel: PIE: Created PIE world by copying editor world from /Game/nivel1.nivel1 to /Game/UEDPIE_0_nivel1.nivel1 (0.006740s)
[2019.12.08-09.59.03:594][400]LogLoad: Game class is 'MiModoDeJuego_C'
[2019.12.08-09.59.03:597][400]LogWorld: Bringing World /Game/UEDPIE_0_nivel1.nivel1 up for play (max tick rate 60) at 2019.12.08-10.59.03
[2019.12.08-09.59.03:597][400]LogWorld: Bringing up level for play took: 0.001806
[2019.12.08-09.59.03:599][400]LogLoad: Took 0.109241 seconds to LoadMap(/Game/UEDPIE_0_nivel1)
[2019.12.08-10.01.14:825][ 92]LogSavePackage: Save=52.85ms
[2019.12.08-10.01.14:825][ 92]LogSavePackage: Moving '../../../../../../Users/Enrique/OneDrive - Universidad de Oviedo/4º Informatica/Videojuegos/Unreal Projects/JuegoVaquero/Saved/Enemigo4EB0785849AC3709FC892AA78CD84BF6.tmp' to '../../../../../../Users/Enrique/OneDrive - Universidad de Oviedo/4º Informatica/Videojuegos/Unreal Projects/JuegoVaquero/Content/StarterContent/Jugador/Enemigo.uasset'
[2019.12.08-10.01.14:833][ 92]LogSavePackage:Display: Finished SavePackage ../../../../../../Users/Enrique/OneDrive - Universidad de Oviedo/4º Informatica/Videojuegos/Unreal Projects/JuegoVaquero/Content/StarterContent/Jugador/Enemigo.uasset
[2019.12.08-10.01.45:784][739]BlueprintLog: New page: Compile Enemigo
[2019.12.08-10.01.46:666][739]LogSavePackage: Save=52.59ms
[2019.12.08-10.01.46:666][739]LogSavePackage: Moving '../../../../../../Users/Enrique/OneDrive - Universidad de Oviedo/4º Informatica/Videojuegos/Unreal Projects/JuegoVaquero/Saved/Enemigo3C96550D4C4013A076E9839E059C10E5.tmp' to '../../../../../../Users/Enrique/OneDrive - Universidad de Oviedo/4º Informatica/Videojuegos/Unreal Projects/JuegoVaquero/Content/StarterContent/Jugador/Enemigo.uasset'
[2019.12.08-10.01.46:675][739]LogSavePackage:Display: Finished SavePackage ../../../../../../Users/Enrique/OneDrive - Universidad de Oviedo/4º Informatica/Videojuegos/Unreal Projects/JuegoVaquero/Content/StarterContent/Jugador/Enemigo.uasset
[2019.12.08-10.03.29:433][195]LogSavePackage: Save=76.76ms
[2019.12.08-10.03.29:433][195]LogSavePackage: Moving '../../../../../../Users/Enrique/OneDrive - Universidad de Oviedo/4º Informatica/Videojuegos/Unreal Projects/JuegoVaquero/Saved/nivel1ECB73B8B44C1740AEC7792B349A6F4DC.tmp' to '../../../../../../Users/Enrique/OneDrive - Universidad de Oviedo/4º Informatica/Videojuegos/Unreal Projects/JuegoVaquero/Content/nivel1.umap'
[2019.12.08-10.03.29:444][195]LogSavePackage:Display: Finished SavePackage ../../../../../../Users/Enrique/OneDrive - Universidad de Oviedo/4º Informatica/Videojuegos/Unreal Projects/JuegoVaquero/Content/nivel1.umap
[2019.12.08-10.03.35:221][412]LogEditorViewport: Clicking on Actor (LMB): BP_Sky_Sphere_C (Sky Sphere)
[2019.12.08-10.03.42:138][529]LogTemp: Repeting last play command: Selected Viewport
[2019.12.08-10.03.42:176][529]LogPlayLevel: PlayLevel: No blueprints needed recompiling
[2019.12.08-10.03.42:176][529]PIE: New page: PIE session: nivel1 (Dec 8, 2019, 12:03:42 PM)
[2019.12.08-10.03.42:177][529]LogPlayLevel: Creating play world package: /Game/UEDPIE_0_nivel1
[2019.12.08-10.03.42:188][529]LogPlayLevel: PIE: StaticDuplicateObject took: (0.011131s)
[2019.12.08-10.03.42:189][529]LogAIModule: Creating AISystem for world nivel1
[2019.12.08-10.03.42:189][529]LogPlayLevel: PIE: World Init took: (0.001255s)
[2019.12.08-10.03.42:189][529]LogPlayLevel: PIE: Created PIE world by copying editor world from /Game/nivel1.nivel1 to /Game/UEDPIE_0_nivel1.nivel1 (0.012796s)
[2019.12.08-10.03.42:247][529]LogInit: XAudio2 using 'Altavoces (Conexant SmartAudio HD)' : 2 channels at 48 kHz using 32 bits per sample (channel mask 0x3)
[2019.12.08-10.03.42:275][529]LogInit: FAudioDevice initialized.
[2019.12.08-10.03.42:313][529]LogLoad: Game class is 'MiModoDeJuego_C'
[2019.12.08-10.03.42:316][529]LogWorld: Bringing World /Game/UEDPIE_0_nivel1.nivel1 up for play (max tick rate 60) at 2019.12.08-11.03.42
[2019.12.08-10.03.42:317][529]LogWorld: Bringing up level for play took: 0.002428
[2019.12.08-10.03.42:320][529]PIE: Info Play in editor start time for /Game/UEDPIE_0_nivel1 0.775
[2019.12.08-10.04.12:064][ 45]LogNet: Browse: /Game/nivel1
[2019.12.08-10.04.12:081][ 45]LogLoad: LoadMap: /Game/nivel1
[2019.12.08-10.04.12:150][ 45]Cmd: MEM
[2019.12.08-10.04.12:189][ 45]LogMemory: Platform Memory Stats for Windows
[2019.12.08-10.04.12:190][ 45]LogMemory: Process Physical Memory: 1562.85 MB used, 2263.00 MB peak
[2019.12.08-10.04.12:190][ 45]LogMemory: Process Virtual Memory: 2337.85 MB used, 2390.05 MB peak
[2019.12.08-10.04.12:190][ 45]LogMemory: Physical Memory: 5593.38 MB used,  2504.52 MB free, 8097.91 MB total
[2019.12.08-10.04.12:190][ 45]LogMemory: Virtual Memory: 7484.62 MB used,  2504.52 MB free, 134217728.00 MB total
[2019.12.08-10.04.12:190][ 45]LogMemory: 
[2019.12.08-10.04.12:190][ 45]Allocator Stats for TBB: (not implemented)
[2019.12.08-10.04.12:190][ 45]LogPlayLevel: Creating play world package: /Game/UEDPIE_0_nivel1
[2019.12.08-10.04.12:197][ 45]LogPlayLevel: PIE: StaticDuplicateObject took: (0.007001s)
[2019.12.08-10.04.12:198][ 45]LogAIModule: Creating AISystem for world nivel1
[2019.12.08-10.04.12:198][ 45]LogPlayLevel: PIE: World Init took: (0.000939s)
[2019.12.08-10.04.12:198][ 45]LogPlayLevel: PIE: Created PIE world by copying editor world from /Game/nivel1.nivel1 to /Game/UEDPIE_0_nivel1.nivel1 (0.008252s)
[2019.12.08-10.04.12:198][ 45]LogLoad: Game class is 'MiModoDeJuego_C'
[2019.12.08-10.04.12:200][ 45]LogWorld: Bringing World /Game/UEDPIE_0_nivel1.nivel1 up for play (max tick rate 60) at 2019.12.08-11.04.12
[2019.12.08-10.04.12:201][ 45]LogWorld: Bringing up level for play took: 0.001948
[2019.12.08-10.04.12:203][ 45]LogLoad: Took 0.122466 seconds to LoadMap(/Game/UEDPIE_0_nivel1)
[2019.12.08-10.04.13:913][122]LogNet: Browse: /Game/nivel1
[2019.12.08-10.04.13:932][122]LogLoad: LoadMap: /Game/nivel1
[2019.12.08-10.04.13:981][122]Cmd: MEM
[2019.12.08-10.04.14:026][122]LogMemory: Platform Memory Stats for Windows
[2019.12.08-10.04.14:026][122]LogMemory: Process Physical Memory: 1636.58 MB used, 2263.00 MB peak
[2019.12.08-10.04.14:026][122]LogMemory: Process Virtual Memory: 2416.39 MB used, 2416.44 MB peak
[2019.12.08-10.04.14:026][122]LogMemory: Physical Memory: 5649.08 MB used,  2448.82 MB free, 8097.91 MB total
[2019.12.08-10.04.14:026][122]LogMemory: Virtual Memory: 7532.87 MB used,  2448.82 MB free, 134217728.00 MB total
[2019.12.08-10.04.14:026][122]LogMemory: 
[2019.12.08-10.04.14:026][122]Allocator Stats for TBB: (not implemented)
[2019.12.08-10.04.14:026][122]LogPlayLevel: Creating play world package: /Game/UEDPIE_0_nivel1
[2019.12.08-10.04.14:033][122]LogPlayLevel: PIE: StaticDuplicateObject took: (0.007589s)
[2019.12.08-10.04.14:034][122]LogAIModule: Creating AISystem for world nivel1
[2019.12.08-10.04.14:034][122]LogPlayLevel: PIE: World Init took: (0.000925s)
[2019.12.08-10.04.14:035][122]LogPlayLevel: PIE: Created PIE world by copying editor world from /Game/nivel1.nivel1 to /Game/UEDPIE_0_nivel1.nivel1 (0.008827s)
[2019.12.08-10.04.14:035][122]LogLoad: Game class is 'MiModoDeJuego_C'
[2019.12.08-10.04.14:037][122]LogWorld: Bringing World /Game/UEDPIE_0_nivel1.nivel1 up for play (max tick rate 60) at 2019.12.08-11.04.14
[2019.12.08-10.04.14:037][122]LogWorld: Bringing up level for play took: 0.001936
[2019.12.08-10.04.14:039][122]LogLoad: Took 0.107604 seconds to LoadMap(/Game/UEDPIE_0_nivel1)
[2019.12.08-10.04.15:060][170]LogNet: Browse: /Game/nivel1
[2019.12.08-10.04.15:078][170]LogLoad: LoadMap: /Game/nivel1
[2019.12.08-10.04.15:130][170]Cmd: MEM
[2019.12.08-10.04.15:173][170]LogMemory: Platform Memory Stats for Windows
[2019.12.08-10.04.15:173][170]LogMemory: Process Physical Memory: 1636.96 MB used, 2263.00 MB peak
[2019.12.08-10.04.15:173][170]LogMemory: Process Virtual Memory: 2408.27 MB used, 2416.44 MB peak
[2019.12.08-10.04.15:173][170]LogMemory: Physical Memory: 5650.31 MB used,  2447.59 MB free, 8097.91 MB total
[2019.12.08-10.04.15:173][170]LogMemory: Virtual Memory: 7532.87 MB used,  2447.59 MB free, 134217728.00 MB total
[2019.12.08-10.04.15:173][170]LogMemory: 
[2019.12.08-10.04.15:173][170]Allocator Stats for TBB: (not implemented)
[2019.12.08-10.04.15:173][170]LogPlayLevel: Creating play world package: /Game/UEDPIE_0_nivel1
[2019.12.08-10.04.15:178][170]LogPlayLevel: PIE: StaticDuplicateObject took: (0.005129s)
[2019.12.08-10.04.15:179][170]LogAIModule: Creating AISystem for world nivel1
[2019.12.08-10.04.15:179][170]LogPlayLevel: PIE: World Init took: (0.000767s)
[2019.12.08-10.04.15:179][170]LogPlayLevel: PIE: Created PIE world by copying editor world from /Game/nivel1.nivel1 to /Game/UEDPIE_0_nivel1.nivel1 (0.006106s)
[2019.12.08-10.04.15:179][170]LogLoad: Game class is 'MiModoDeJuego_C'
[2019.12.08-10.04.15:181][170]LogWorld: Bringing World /Game/UEDPIE_0_nivel1.nivel1 up for play (max tick rate 60) at 2019.12.08-11.04.15
[2019.12.08-10.04.15:182][170]LogWorld: Bringing up level for play took: 0.001761
[2019.12.08-10.04.15:184][170]LogLoad: Took 0.105757 seconds to LoadMap(/Game/UEDPIE_0_nivel1)
[2019.12.08-10.04.16:196][219]LogNet: Browse: /Game/nivel1
[2019.12.08-10.04.16:214][219]LogLoad: LoadMap: /Game/nivel1
[2019.12.08-10.04.16:265][219]Cmd: MEM
[2019.12.08-10.04.16:312][219]LogMemory: Platform Memory Stats for Windows
[2019.12.08-10.04.16:312][219]LogMemory: Process Physical Memory: 1630.96 MB used, 2263.00 MB peak
[2019.12.08-10.04.16:312][219]LogMemory: Process Virtual Memory: 2396.32 MB used, 2416.44 MB peak
[2019.12.08-10.04.16:312][219]LogMemory: Physical Memory: 5648.90 MB used,  2449.00 MB free, 8097.91 MB total
[2019.12.08-10.04.16:312][219]LogMemory: Virtual Memory: 7532.87 MB used,  2449.00 MB free, 134217728.00 MB total
[2019.12.08-10.04.16:312][219]LogMemory: 
[2019.12.08-10.04.16:312][219]Allocator Stats for TBB: (not implemented)
[2019.12.08-10.04.16:312][219]LogPlayLevel: Creating play world package: /Game/UEDPIE_0_nivel1
[2019.12.08-10.04.16:319][219]LogPlayLevel: PIE: StaticDuplicateObject took: (0.007200s)
[2019.12.08-10.04.16:320][219]LogAIModule: Creating AISystem for world nivel1
[2019.12.08-10.04.16:320][219]LogPlayLevel: PIE: World Init took: (0.000903s)
[2019.12.08-10.04.16:321][219]LogPlayLevel: PIE: Created PIE world by copying editor world from /Game/nivel1.nivel1 to /Game/UEDPIE_0_nivel1.nivel1 (0.008415s)
[2019.12.08-10.04.16:321][219]LogLoad: Game class is 'MiModoDeJuego_C'
[2019.12.08-10.04.16:323][219]LogWorld: Bringing World /Game/UEDPIE_0_nivel1.nivel1 up for play (max tick rate 60) at 2019.12.08-11.04.16
[2019.12.08-10.04.16:324][219]LogWorld: Bringing up level for play took: 0.002243
[2019.12.08-10.04.16:327][219]LogLoad: Took 0.113588 seconds to LoadMap(/Game/UEDPIE_0_nivel1)
[2019.12.08-10.04.17:295][266]LogNet: Browse: /Game/nivel1
[2019.12.08-10.04.17:314][266]LogLoad: LoadMap: /Game/nivel1
[2019.12.08-10.04.17:372][266]Cmd: MEM
[2019.12.08-10.04.17:410][266]LogMemory: Platform Memory Stats for Windows
[2019.12.08-10.04.17:410][266]LogMemory: Process Physical Memory: 1631.86 MB used, 2263.00 MB peak
[2019.12.08-10.04.17:410][266]LogMemory: Process Virtual Memory: 2389.13 MB used, 2416.44 MB peak
[2019.12.08-10.04.17:410][266]LogMemory: Physical Memory: 5648.89 MB used,  2449.01 MB free, 8097.91 MB total
[2019.12.08-10.04.17:410][266]LogMemory: Virtual Memory: 7532.87 MB used,  2449.01 MB free, 134217728.00 MB total
[2019.12.08-10.04.17:410][266]LogMemory: 
[2019.12.08-10.04.17:410][266]Allocator Stats for TBB: (not implemented)
[2019.12.08-10.04.17:410][266]LogPlayLevel: Creating play world package: /Game/UEDPIE_0_nivel1
[2019.12.08-10.04.17:416][266]LogPlayLevel: PIE: StaticDuplicateObject took: (0.006010s)
[2019.12.08-10.04.17:417][266]LogAIModule: Creating AISystem for world nivel1
[2019.12.08-10.04.17:417][266]LogPlayLevel: PIE: World Init took: (0.000991s)
[2019.12.08-10.04.17:417][266]LogPlayLevel: PIE: Created PIE world by copying editor world from /Game/nivel1.nivel1 to /Game/UEDPIE_0_nivel1.nivel1 (0.007275s)
[2019.12.08-10.04.17:417][266]LogLoad: Game class is 'MiModoDeJuego_C'
[2019.12.08-10.04.17:420][266]LogWorld: Bringing World /Game/UEDPIE_0_nivel1.nivel1 up for play (max tick rate 60) at 2019.12.08-11.04.17
[2019.12.08-10.04.17:420][266]LogWorld: Bringing up level for play took: 0.002242
[2019.12.08-10.04.17:423][266]LogLoad: Took 0.108787 seconds to LoadMap(/Game/UEDPIE_0_nivel1)
[2019.12.08-10.04.19:271][357]LogNet: Browse: /Game/nivel1
[2019.12.08-10.04.19:289][357]LogLoad: LoadMap: /Game/nivel1
[2019.12.08-10.04.19:348][357]Cmd: MEM
[2019.12.08-10.04.19:386][357]LogMemory: Platform Memory Stats for Windows
[2019.12.08-10.04.19:386][357]LogMemory: Process Physical Memory: 1578.62 MB used, 2263.00 MB peak
[2019.12.08-10.04.19:386][357]LogMemory: Process Virtual Memory: 2336.07 MB used, 2416.44 MB peak
[2019.12.08-10.04.19:386][357]LogMemory: Physical Memory: 5600.83 MB used,  2497.07 MB free, 8097.91 MB total
[2019.12.08-10.04.19:386][357]LogMemory: Virtual Memory: 7508.87 MB used,  2497.07 MB free, 134217728.00 MB total
[2019.12.08-10.04.19:386][357]LogMemory: 
[2019.12.08-10.04.19:386][357]Allocator Stats for TBB: (not implemented)
[2019.12.08-10.04.19:386][357]LogPlayLevel: Creating play world package: /Game/UEDPIE_0_nivel1
[2019.12.08-10.04.19:395][357]LogPlayLevel: PIE: StaticDuplicateObject took: (0.008089s)
[2019.12.08-10.04.19:395][357]LogAIModule: Creating AISystem for world nivel1
[2019.12.08-10.04.19:396][357]LogPlayLevel: PIE: World Init took: (0.000901s)
[2019.12.08-10.04.19:396][357]LogPlayLevel: PIE: Created PIE world by copying editor world from /Game/nivel1.nivel1 to /Game/UEDPIE_0_nivel1.nivel1 (0.009303s)
[2019.12.08-10.04.19:396][357]LogLoad: Game class is 'MiModoDeJuego_C'
[2019.12.08-10.04.19:398][357]LogWorld: Bringing World /Game/UEDPIE_0_nivel1.nivel1 up for play (max tick rate 60) at 2019.12.08-11.04.19
[2019.12.08-10.04.19:398][357]LogWorld: Bringing up level for play took: 0.001967
[2019.12.08-10.04.19:401][357]LogLoad: Took 0.110958 seconds to LoadMap(/Game/UEDPIE_0_nivel1)
[2019.12.08-10.05.13:418][963]Cmd: TRANSACTION UNDO
[2019.12.08-10.05.13:418][963]LogEditorTransaction: Undo Move Node
[2019.12.08-10.06.46:348][992]BlueprintLog: New page: Compile Enemigo
[2019.12.08-10.06.47:134][994]LogSavePackage: Save=50.70ms
[2019.12.08-10.06.47:134][994]LogSavePackage: Moving '../../../../../../Users/Enrique/OneDrive - Universidad de Oviedo/4º Informatica/Videojuegos/Unreal Projects/JuegoVaquero/Saved/Enemigo6EBB91BA422CA4D9E3495BAE3CFE4B67.tmp' to '../../../../../../Users/Enrique/OneDrive - Universidad de Oviedo/4º Informatica/Videojuegos/Unreal Projects/JuegoVaquero/Content/StarterContent/Jugador/Enemigo.uasset'
[2019.12.08-10.06.47:143][994]LogSavePackage:Display: Finished SavePackage ../../../../../../Users/Enrique/OneDrive - Universidad de Oviedo/4º Informatica/Videojuegos/Unreal Projects/JuegoVaquero/Content/StarterContent/Jugador/Enemigo.uasset
[2019.12.08-10.07.09:649][407]LogTemp: Repeting last play command: Selected Viewport
[2019.12.08-10.07.09:696][407]LogPlayLevel: PlayLevel: No blueprints needed recompiling
[2019.12.08-10.07.09:697][407]PIE: New page: PIE session: nivel1 (Dec 8, 2019, 12:07:09 PM)
[2019.12.08-10.07.09:697][407]LogPlayLevel: Creating play world package: /Game/UEDPIE_0_nivel1
[2019.12.08-10.07.09:706][407]LogPlayLevel: PIE: StaticDuplicateObject took: (0.009233s)
[2019.12.08-10.07.09:707][407]LogAIModule: Creating AISystem for world nivel1
[2019.12.08-10.07.09:707][407]LogPlayLevel: PIE: World Init took: (0.001312s)
[2019.12.08-10.07.09:708][407]LogPlayLevel: PIE: Created PIE world by copying editor world from /Game/nivel1.nivel1 to /Game/UEDPIE_0_nivel1.nivel1 (0.010872s)
[2019.12.08-10.07.09:757][407]LogInit: XAudio2 using 'Altavoces (Conexant SmartAudio HD)' : 2 channels at 48 kHz using 32 bits per sample (channel mask 0x3)
[2019.12.08-10.07.09:785][407]LogInit: FAudioDevice initialized.
[2019.12.08-10.07.09:832][407]LogLoad: Game class is 'MiModoDeJuego_C'
[2019.12.08-10.07.09:840][407]LogWorld: Bringing World /Game/UEDPIE_0_nivel1.nivel1 up for play (max tick rate 60) at 2019.12.08-11.07.09
[2019.12.08-10.07.09:841][407]LogWorld: Bringing up level for play took: 0.006218
[2019.12.08-10.07.09:846][407]PIE: Info Play in editor start time for /Game/UEDPIE_0_nivel1 0.301
[2019.12.08-10.07.14:510][629]LogNet: Browse: /Game/nivel1
[2019.12.08-10.07.14:528][629]LogLoad: LoadMap: /Game/nivel1
[2019.12.08-10.07.14:588][629]Cmd: MEM
[2019.12.08-10.07.14:633][629]LogMemory: Platform Memory Stats for Windows
[2019.12.08-10.07.14:633][629]LogMemory: Process Physical Memory: 1743.13 MB used, 2263.00 MB peak
[2019.12.08-10.07.14:633][629]LogMemory: Process Virtual Memory: 2445.13 MB used, 2445.13 MB peak
[2019.12.08-10.07.14:633][629]LogMemory: Physical Memory: 5660.29 MB used,  2437.61 MB free, 8097.91 MB total
[2019.12.08-10.07.14:633][629]LogMemory: Virtual Memory: 7580.56 MB used,  2437.61 MB free, 134217728.00 MB total
[2019.12.08-10.07.14:633][629]LogMemory: 
[2019.12.08-10.07.14:633][629]Allocator Stats for TBB: (not implemented)
[2019.12.08-10.07.14:633][629]LogPlayLevel: Creating play world package: /Game/UEDPIE_0_nivel1
[2019.12.08-10.07.14:642][629]LogPlayLevel: PIE: StaticDuplicateObject took: (0.008554s)
[2019.12.08-10.07.14:643][629]LogAIModule: Creating AISystem for world nivel1
[2019.12.08-10.07.14:643][629]LogPlayLevel: PIE: World Init took: (0.001109s)
[2019.12.08-10.07.14:643][629]LogPlayLevel: PIE: Created PIE world by copying editor world from /Game/nivel1.nivel1 to /Game/UEDPIE_0_nivel1.nivel1 (0.009969s)
[2019.12.08-10.07.14:643][629]LogLoad: Game class is 'MiModoDeJuego_C'
[2019.12.08-10.07.14:646][629]LogWorld: Bringing World /Game/UEDPIE_0_nivel1.nivel1 up for play (max tick rate 60) at 2019.12.08-11.07.14
[2019.12.08-10.07.14:646][629]LogWorld: Bringing up level for play took: 0.002208
[2019.12.08-10.07.14:649][629]LogLoad: Took 0.121366 seconds to LoadMap(/Game/UEDPIE_0_nivel1)
[2019.12.08-10.07.18:887][832]LogNet: Browse: /Game/nivel1
[2019.12.08-10.07.18:906][832]LogLoad: LoadMap: /Game/nivel1
[2019.12.08-10.07.18:965][832]Cmd: MEM
[2019.12.08-10.07.19:015][832]LogMemory: Platform Memory Stats for Windows
[2019.12.08-10.07.19:015][832]LogMemory: Process Physical Memory: 1778.87 MB used, 2263.00 MB peak
[2019.12.08-10.07.19:015][832]LogMemory: Process Virtual Memory: 2474.36 MB used, 2503.32 MB peak
[2019.12.08-10.07.19:015][832]LogMemory: Physical Memory: 5696.47 MB used,  2401.44 MB free, 8097.91 MB total
[2019.12.08-10.07.19:015][832]LogMemory: Virtual Memory: 7612.68 MB used,  2401.44 MB free, 134217728.00 MB total
[2019.12.08-10.07.19:015][832]LogMemory: 
[2019.12.08-10.07.19:015][832]Allocator Stats for TBB: (not implemented)
[2019.12.08-10.07.19:015][832]LogPlayLevel: Creating play world package: /Game/UEDPIE_0_nivel1
[2019.12.08-10.07.19:022][832]LogPlayLevel: PIE: StaticDuplicateObject took: (0.007235s)
[2019.12.08-10.07.19:023][832]LogAIModule: Creating AISystem for world nivel1
[2019.12.08-10.07.19:023][832]LogPlayLevel: PIE: World Init took: (0.000942s)
[2019.12.08-10.07.19:023][832]LogPlayLevel: PIE: Created PIE world by copying editor world from /Game/nivel1.nivel1 to /Game/UEDPIE_0_nivel1.nivel1 (0.008467s)
[2019.12.08-10.07.19:024][832]LogLoad: Game class is 'MiModoDeJuego_C'
[2019.12.08-10.07.19:026][832]LogWorld: Bringing World /Game/UEDPIE_0_nivel1.nivel1 up for play (max tick rate 60) at 2019.12.08-11.07.19
[2019.12.08-10.07.19:026][832]LogWorld: Bringing up level for play took: 0.002101
[2019.12.08-10.07.19:028][832]LogLoad: Took 0.122377 seconds to LoadMap(/Game/UEDPIE_0_nivel1)
[2019.12.08-10.07.23:914][ 76]LogNet: Browse: /Game/nivel1
[2019.12.08-10.07.23:933][ 76]LogLoad: LoadMap: /Game/nivel1
[2019.12.08-10.07.23:989][ 76]Cmd: MEM
[2019.12.08-10.07.24:038][ 76]LogMemory: Platform Memory Stats for Windows
[2019.12.08-10.07.24:038][ 76]LogMemory: Process Physical Memory: 1683.06 MB used, 2263.00 MB peak
[2019.12.08-10.07.24:039][ 76]LogMemory: Process Virtual Memory: 2370.31 MB used, 2503.32 MB peak
[2019.12.08-10.07.24:039][ 76]LogMemory: Physical Memory: 5611.39 MB used,  2486.52 MB free, 8097.91 MB total
[2019.12.08-10.07.24:039][ 76]LogMemory: Virtual Memory: 7588.68 MB used,  2486.52 MB free, 134217728.00 MB total
[2019.12.08-10.07.24:039][ 76]LogMemory: 
[2019.12.08-10.07.24:039][ 76]Allocator Stats for TBB: (not implemented)
[2019.12.08-10.07.24:039][ 76]LogPlayLevel: Creating play world package: /Game/UEDPIE_0_nivel1
[2019.12.08-10.07.24:046][ 76]LogPlayLevel: PIE: StaticDuplicateObject took: (0.007254s)
[2019.12.08-10.07.24:047][ 76]LogAIModule: Creating AISystem for world nivel1
[2019.12.08-10.07.24:047][ 76]LogPlayLevel: PIE: World Init took: (0.000891s)
[2019.12.08-10.07.24:047][ 76]LogPlayLevel: PIE: Created PIE world by copying editor world from /Game/nivel1.nivel1 to /Game/UEDPIE_0_nivel1.nivel1 (0.008442s)
[2019.12.08-10.07.24:047][ 76]LogLoad: Game class is 'MiModoDeJuego_C'
[2019.12.08-10.07.24:049][ 76]LogWorld: Bringing World /Game/UEDPIE_0_nivel1.nivel1 up for play (max tick rate 60) at 2019.12.08-11.07.24
[2019.12.08-10.07.24:050][ 76]LogWorld: Bringing up level for play took: 0.002161
[2019.12.08-10.07.24:053][ 76]LogLoad: Took 0.119413 seconds to LoadMap(/Game/UEDPIE_0_nivel1)
[2019.12.08-10.07.26:092][174]LogNet: Browse: /Game/nivel1
[2019.12.08-10.07.26:110][174]LogLoad: LoadMap: /Game/nivel1
[2019.12.08-10.07.26:168][174]Cmd: MEM
[2019.12.08-10.07.26:212][174]LogMemory: Platform Memory Stats for Windows
[2019.12.08-10.07.26:212][174]LogMemory: Process Physical Memory: 1697.88 MB used, 2263.00 MB peak
[2019.12.08-10.07.26:212][174]LogMemory: Process Virtual Memory: 2385.12 MB used, 2503.32 MB peak
[2019.12.08-10.07.26:212][174]LogMemory: Physical Memory: 5626.97 MB used,  2470.93 MB free, 8097.91 MB total
[2019.12.08-10.07.26:212][174]LogMemory: Virtual Memory: 7588.68 MB used,  2470.93 MB free, 134217728.00 MB total
[2019.12.08-10.07.26:212][174]LogMemory: 
[2019.12.08-10.07.26:212][174]Allocator Stats for TBB: (not implemented)
[2019.12.08-10.07.26:212][174]LogPlayLevel: Creating play world package: /Game/UEDPIE_0_nivel1
[2019.12.08-10.07.26:220][174]LogPlayLevel: PIE: StaticDuplicateObject took: (0.007650s)
[2019.12.08-10.07.26:220][174]LogAIModule: Creating AISystem for world nivel1
[2019.12.08-10.07.26:221][174]LogPlayLevel: PIE: World Init took: (0.000921s)
[2019.12.08-10.07.26:221][174]LogPlayLevel: PIE: Created PIE world by copying editor world from /Game/nivel1.nivel1 to /Game/UEDPIE_0_nivel1.nivel1 (0.008878s)
[2019.12.08-10.07.26:221][174]LogLoad: Game class is 'MiModoDeJuego_C'
[2019.12.08-10.07.26:223][174]LogWorld: Bringing World /Game/UEDPIE_0_nivel1.nivel1 up for play (max tick rate 60) at 2019.12.08-11.07.26
[2019.12.08-10.07.26:224][174]LogWorld: Bringing up level for play took: 0.002370
[2019.12.08-10.07.26:227][174]LogLoad: Took 0.116127 seconds to LoadMap(/Game/UEDPIE_0_nivel1)
[2019.12.08-10.07.34:377][582]LogNet: Browse: /Game/nivel1
[2019.12.08-10.07.34:395][582]LogLoad: LoadMap: /Game/nivel1
[2019.12.08-10.07.34:450][582]Cmd: MEM
[2019.12.08-10.07.34:490][582]LogMemory: Platform Memory Stats for Windows
[2019.12.08-10.07.34:490][582]LogMemory: Process Physical Memory: 1635.45 MB used, 2263.00 MB peak
[2019.12.08-10.07.34:490][582]LogMemory: Process Virtual Memory: 2322.50 MB used, 2503.32 MB peak
[2019.12.08-10.07.34:490][582]LogMemory: Physical Memory: 5566.38 MB used,  2531.53 MB free, 8097.91 MB total
[2019.12.08-10.07.34:490][582]LogMemory: Virtual Memory: 7572.62 MB used,  2531.53 MB free, 134217728.00 MB total
[2019.12.08-10.07.34:490][582]LogMemory: 
[2019.12.08-10.07.34:490][582]Allocator Stats for TBB: (not implemented)
[2019.12.08-10.07.34:490][582]LogPlayLevel: Creating play world package: /Game/UEDPIE_0_nivel1
[2019.12.08-10.07.34:497][582]LogPlayLevel: PIE: StaticDuplicateObject took: (0.007063s)
[2019.12.08-10.07.34:498][582]LogAIModule: Creating AISystem for world nivel1
[2019.12.08-10.07.34:498][582]LogPlayLevel: PIE: World Init took: (0.000911s)
[2019.12.08-10.07.34:498][582]LogPlayLevel: PIE: Created PIE world by copying editor world from /Game/nivel1.nivel1 to /Game/UEDPIE_0_nivel1.nivel1 (0.008288s)
[2019.12.08-10.07.34:499][582]LogLoad: Game class is 'MiModoDeJuego_C'
[2019.12.08-10.07.34:501][582]LogWorld: Bringing World /Game/UEDPIE_0_nivel1.nivel1 up for play (max tick rate 60) at 2019.12.08-11.07.34
[2019.12.08-10.07.34:502][582]LogWorld: Bringing up level for play took: 0.002200
[2019.12.08-10.07.34:504][582]LogLoad: Took 0.108359 seconds to LoadMap(/Game/UEDPIE_0_nivel1)
[2019.12.08-10.15.42:513][ 54]LogSavePackage: Save=28.78ms
[2019.12.08-10.15.42:513][ 54]LogSavePackage: Moving '../../../../../../Users/Enrique/OneDrive - Universidad de Oviedo/4º Informatica/Videojuegos/Unreal Projects/JuegoVaquero/Saved/Disparo679CAB8642FEBA55D9DFB797A4C40FA2.tmp' to '../../../../../../Users/Enrique/OneDrive - Universidad de Oviedo/4º Informatica/Videojuegos/Unreal Projects/JuegoVaquero/Content/StarterContent/Jugador/Disparo.uasset'
[2019.12.08-10.15.42:521][ 54]LogSavePackage:Display: Finished SavePackage ../../../../../../Users/Enrique/OneDrive - Universidad de Oviedo/4º Informatica/Videojuegos/Unreal Projects/JuegoVaquero/Content/StarterContent/Jugador/Disparo.uasset
[2019.12.08-10.15.44:587][178]BlueprintLog: New page: Compile Disparo
[2019.12.08-10.15.48:748][312]LogSavePackage: Save=68.78ms
[2019.12.08-10.15.48:748][312]LogSavePackage: Moving '../../../../../../Users/Enrique/OneDrive - Universidad de Oviedo/4º Informatica/Videojuegos/Unreal Projects/JuegoVaquero/Saved/nivel1_Auto129ABF4E448359F71B7F3B2B861BAB831.tmp' to '../../../../../../Users/Enrique/OneDrive - Universidad de Oviedo/4º Informatica/Videojuegos/Unreal Projects/JuegoVaquero/Saved/Autosaves/Game/nivel1_Auto1.umap'
[2019.12.08-10.15.48:752][312]LogSavePackage:Display: Finished SavePackage ../../../../../../Users/Enrique/OneDrive - Universidad de Oviedo/4º Informatica/Videojuegos/Unreal Projects/JuegoVaquero/Saved/Autosaves/Game/nivel1_Auto1.umap
[2019.12.08-10.15.48:756][312]LogFileHelpers: Editor autosave (incl. sublevels) for '/Game/nivel1' took 0.154
[2019.12.08-10.15.48:756][312]LogFileHelpers: Editor autosave (incl. sublevels) for all levels took 0.154
[2019.12.08-10.18.49:612][528]BlueprintLog: New page: Compile Jugador
[2019.12.08-10.18.50:321][528]LogSavePackage: Save=98.77ms
[2019.12.08-10.18.50:321][528]LogSavePackage: Moving '../../../../../../Users/Enrique/OneDrive - Universidad de Oviedo/4º Informatica/Videojuegos/Unreal Projects/JuegoVaquero/Saved/JugadorBC53A25440E763AA28F563AD7E7FED76.tmp' to '../../../../../../Users/Enrique/OneDrive - Universidad de Oviedo/4º Informatica/Videojuegos/Unreal Projects/JuegoVaquero/Content/StarterContent/Jugador/Jugador.uasset'
[2019.12.08-10.18.50:332][528]LogSavePackage:Display: Finished SavePackage ../../../../../../Users/Enrique/OneDrive - Universidad de Oviedo/4º Informatica/Videojuegos/Unreal Projects/JuegoVaquero/Content/StarterContent/Jugador/Jugador.uasset
[2019.12.08-10.18.52:460][530]LogSavePackage: Save=87.40ms
[2019.12.08-10.18.52:460][530]LogSavePackage: Moving '../../../../../../Users/Enrique/OneDrive - Universidad de Oviedo/4º Informatica/Videojuegos/Unreal Projects/JuegoVaquero/Saved/JugadorDE62C933427A897B8A77099B86D424D4.tmp' to '../../../../../../Users/Enrique/OneDrive - Universidad de Oviedo/4º Informatica/Videojuegos/Unreal Projects/JuegoVaquero/Content/StarterContent/Jugador/Jugador.uasset'
[2019.12.08-10.18.52:464][530]LogSavePackage:Display: Finished SavePackage ../../../../../../Users/Enrique/OneDrive - Universidad de Oviedo/4º Informatica/Videojuegos/Unreal Projects/JuegoVaquero/Content/StarterContent/Jugador/Jugador.uasset
[2019.12.08-10.18.53:101][548]LogSavePackage: Save=83.32ms
[2019.12.08-10.18.53:101][548]LogSavePackage: Moving '../../../../../../Users/Enrique/OneDrive - Universidad de Oviedo/4º Informatica/Videojuegos/Unreal Projects/JuegoVaquero/Saved/JugadorD7192DAF46B5BFA856E3EBA42290B77A.tmp' to '../../../../../../Users/Enrique/OneDrive - Universidad de Oviedo/4º Informatica/Videojuegos/Unreal Projects/JuegoVaquero/Content/StarterContent/Jugador/Jugador.uasset'
[2019.12.08-10.18.53:105][548]LogSavePackage:Display: Finished SavePackage ../../../../../../Users/Enrique/OneDrive - Universidad de Oviedo/4º Informatica/Videojuegos/Unreal Projects/JuegoVaquero/Content/StarterContent/Jugador/Jugador.uasset
[2019.12.08-10.20.20:451][ 25]LogEditorTransaction: Undo Add Node
[2019.12.08-10.20.39:694][830]LogSlate:Warning: Prevented a slow task dialog from being summoned while a context menu was open
[2019.12.08-10.25.56:905][479]LogSavePackage: Save=66.15ms
[2019.12.08-10.25.56:905][479]LogSavePackage: Moving '../../../../../../Users/Enrique/OneDrive - Universidad de Oviedo/4º Informatica/Videojuegos/Unreal Projects/JuegoVaquero/Saved/nivel1_Auto2E721B7B6497F04FBF31DD7A61F3F1A12.tmp' to '../../../../../../Users/Enrique/OneDrive - Universidad de Oviedo/4º Informatica/Videojuegos/Unreal Projects/JuegoVaquero/Saved/Autosaves/Game/nivel1_Auto2.umap'
[2019.12.08-10.25.56:909][479]LogSavePackage:Display: Finished SavePackage ../../../../../../Users/Enrique/OneDrive - Universidad de Oviedo/4º Informatica/Videojuegos/Unreal Projects/JuegoVaquero/Saved/Autosaves/Game/nivel1_Auto2.umap
[2019.12.08-10.25.56:911][479]LogFileHelpers: Editor autosave (incl. sublevels) for '/Game/nivel1' took 0.128
[2019.12.08-10.25.56:911][479]LogFileHelpers: Editor autosave (incl. sublevels) for all levels took 0.128
[2019.12.08-10.25.56:916][479]OBJ SavePackage: Generating thumbnails for [1] asset(s) in package [/Game/StarterContent/Jugador/Jugador] ([1] browsable assets)...
[2019.12.08-10.25.56:946][479]OBJ SavePackage:     Rendered thumbnail for [Blueprint /Game/StarterContent/Jugador/Jugador.Jugador]
[2019.12.08-10.25.56:946][479]OBJ SavePackage: Finished generating thumbnails for package [/Game/StarterContent/Jugador/Jugador]
[2019.12.08-10.25.57:053][479]LogSavePackage: Save=94.70ms
[2019.12.08-10.25.57:053][479]LogSavePackage: Moving '../../../../../../Users/Enrique/OneDrive - Universidad de Oviedo/4º Informatica/Videojuegos/Unreal Projects/JuegoVaquero/Saved/Jugador_Auto27F20D66F4B457EA1100FDC8881E959E5.tmp' to '../../../../../../Users/Enrique/OneDrive - Universidad de Oviedo/4º Informatica/Videojuegos/Unreal Projects/JuegoVaquero/Saved/Autosaves/Game/StarterContent/Jugador/Jugador_Auto2.uasset'
[2019.12.08-10.25.57:057][479]LogSavePackage:Display: Finished SavePackage ../../../../../../Users/Enrique/OneDrive - Universidad de Oviedo/4º Informatica/Videojuegos/Unreal Projects/JuegoVaquero/Saved/Autosaves/Game/StarterContent/Jugador/Jugador_Auto2.uasset
[2019.12.08-10.25.57:057][479]LogFileHelpers: Auto-saving content packages took 0.144
[2019.12.08-10.27.36:351][329]Cmd: TRANSACTION UNDO
[2019.12.08-10.27.36:351][329]LogEditorTransaction: Undo Create Reroute Node
[2019.12.08-10.27.56:006][994]BlueprintLog: New page: Compile Jugador
[2019.12.08-10.27.58:408][ 79]LogSavePackage: Save=104.61ms
[2019.12.08-10.27.58:408][ 79]LogSavePackage: Moving '../../../../../../Users/Enrique/OneDrive - Universidad de Oviedo/4º Informatica/Videojuegos/Unreal Projects/JuegoVaquero/Saved/Jugador523F87A940C8DC730430F99CF971890F.tmp' to '../../../../../../Users/Enrique/OneDrive - Universidad de Oviedo/4º Informatica/Videojuegos/Unreal Projects/JuegoVaquero/Content/StarterContent/Jugador/Jugador.uasset'
[2019.12.08-10.27.58:415][ 79]LogSavePackage:Display: Finished SavePackage ../../../../../../Users/Enrique/OneDrive - Universidad de Oviedo/4º Informatica/Videojuegos/Unreal Projects/JuegoVaquero/Content/StarterContent/Jugador/Jugador.uasset
[2019.12.08-10.28.04:086][430]LogTemp: Repeting last play command: Selected Viewport
[2019.12.08-10.28.04:132][430]LogPlayLevel: PlayLevel: No blueprints needed recompiling
[2019.12.08-10.28.04:132][430]PIE: New page: PIE session: nivel1 (Dec 8, 2019, 12:28:04 PM)
[2019.12.08-10.28.04:132][430]LogPlayLevel: Creating play world package: /Game/UEDPIE_0_nivel1
[2019.12.08-10.28.04:142][430]LogPlayLevel: PIE: StaticDuplicateObject took: (0.009075s)
[2019.12.08-10.28.04:143][430]LogAIModule: Creating AISystem for world nivel1
[2019.12.08-10.28.04:143][430]LogPlayLevel: PIE: World Init took: (0.001267s)
[2019.12.08-10.28.04:143][430]LogPlayLevel: PIE: Created PIE world by copying editor world from /Game/nivel1.nivel1 to /Game/UEDPIE_0_nivel1.nivel1 (0.010650s)
[2019.12.08-10.28.04:197][430]LogInit: XAudio2 using 'Altavoces (Conexant SmartAudio HD)' : 2 channels at 48 kHz using 32 bits per sample (channel mask 0x3)
[2019.12.08-10.28.04:228][430]LogInit: FAudioDevice initialized.
[2019.12.08-10.28.04:262][430]LogLoad: Game class is 'MiModoDeJuego_C'
[2019.12.08-10.28.04:265][430]LogWorld: Bringing World /Game/UEDPIE_0_nivel1.nivel1 up for play (max tick rate 0) at 2019.12.08-11.28.04
[2019.12.08-10.28.04:265][430]LogWorld: Bringing up level for play took: 0.002059
[2019.12.08-10.28.04:268][430]PIE: Info Play in editor start time for /Game/UEDPIE_0_nivel1 0.723
